The system is: Linux - 6.1.0-11-amd64 - x86_64
Compiling the C compiler identification source file "CMakeCCompilerId.c" succeeded.
Compiler: /home/dinupa/mambaforge/envs/geant4-playground/bin/x86_64-conda-linux-gnu-cc 
Build flags: -march=nocona;-mtune=haswell;-ftree-vectorize;-fPIC;-fstack-protector-strong;-fno-plt;-O2;-ffunction-sections;-pipe;-isystem;/home/dinupa/mambaforge/envs/geant4-playground/include
Id flags:  

The output was:
0


Compilation of the C compiler identification source "CMakeCCompilerId.c" produced "a.out"

The C compiler identification is GNU, found in "/home/dinupa/geant4-playground/B4/B4a/build/CMakeFiles/3.25.1/CompilerIdC/a.out"

Compiling the CXX compiler identification source file "CMakeCXXCompilerId.cpp" succeeded.
Compiler: /home/dinupa/mambaforge/envs/geant4-playground/bin/x86_64-conda-linux-gnu-c++ 
Build flags: -fvisibility-inlines-hidden;-fmessage-length=0;-march=nocona;-mtune=haswell;-ftree-vectorize;-fPIC;-fstack-protector-strong;-fno-plt;-O2;-ffunction-sections;-pipe;-isystem;/home/dinupa/mambaforge/envs/geant4-playground/include
Id flags:  

The output was:
0


Compilation of the CXX compiler identification source "CMakeCXXCompilerId.cpp" produced "a.out"

The CXX compiler identification is GNU, found in "/home/dinupa/geant4-playground/B4/B4a/build/CMakeFiles/3.25.1/CompilerIdCXX/a.out"

Detecting C compiler ABI info compiled with the following output:
Change Dir: /home/dinupa/geant4-playground/B4/B4a/build/CMakeFiles/CMakeScratch/TryCompile-0aAPJQ

Run Build Command(s):/usr/bin/gmake -f Makefile cmTC_706d2/fast && /usr/bin/gmake  -f CMakeFiles/cmTC_706d2.dir/build.make CMakeFiles/cmTC_706d2.dir/build
gmake[1]: Entering directory '/home/dinupa/geant4-playground/B4/B4a/build/CMakeFiles/CMakeScratch/TryCompile-0aAPJQ'
Building C object CMakeFiles/cmTC_706d2.dir/CMakeCCompilerABI.c.o
/home/dinupa/mambaforge/envs/geant4-playground/bin/x86_64-conda-linux-gnu-cc   -march=nocona -mtune=haswell -ftree-vectorize -fPIC -fstack-protector-strong -fno-plt -O2 -ffunction-sections -pipe -isystem /home/dinupa/mambaforge/envs/geant4-playground/include    -v -o CMakeFiles/cmTC_706d2.dir/CMakeCCompilerABI.c.o -c /usr/share/cmake-3.25/Modules/CMakeCCompilerABI.c
Reading specs from /home/dinupa/mambaforge/envs/geant4-playground/bin/../lib/gcc/x86_64-conda-linux-gnu/12.3.0/specs
could not find specs file conda.specs
COLLECT_GCC=/home/dinupa/mambaforge/envs/geant4-playground/bin/x86_64-conda-linux-gnu-cc
Target: x86_64-conda-linux-gnu
Configured with: ../configure --prefix=/home/conda/feedstock_root/build_artifacts/gcc_compilers_1685813973314/_h_env_placehold_placehold_placehold_placehold_placehold_placehold_placehold_placehold_placehold_placehold_placehold_placehold_placehold_placehold_placehold_placehold_placehold_placeho --with-slibdir=/home/conda/feedstock_root/build_artifacts/gcc_compilers_1685813973314/_h_env_placehold_placehold_placehold_placehold_placehold_placehold_placehold_placehold_placehold_placehold_placehold_placehold_placehold_placehold_placehold_placehold_placehold_placeho/lib --libdir=/home/conda/feedstock_root/build_artifacts/gcc_compilers_1685813973314/_h_env_placehold_placehold_placehold_placehold_placehold_placehold_placehold_placehold_placehold_placehold_placehold_placehold_placehold_placehold_placehold_placehold_placehold_placeho/lib --mandir=/home/conda/feedstock_root/build_artifacts/gcc_compilers_1685813973314/_h_env_placehold_placehold_placehold_placehold_placehold_placehold_placehold_placehold_placehold_placehold_placehold_placehold_placehold_placehold_placehold_placehold_placehold_placeho/man --build=x86_64-conda-linux-gnu --host=x86_64-conda-linux-gnu --target=x86_64-conda-linux-gnu --enable-default-pie --enable-languages=c,c++,fortran,objc,obj-c++ --enable-__cxa_atexit --disable-libmudflap --enable-libgomp --disable-libssp --enable-libquadmath --enable-libquadmath-support --enable-libsanitizer --enable-lto --enable-threads=posix --enable-target-optspace --enable-plugin --enable-gold --disable-nls --disable-bootstrap --disable-multilib --enable-long-long --with-sysroot=/home/conda/feedstock_root/build_artifacts/gcc_compilers_1685813973314/_h_env_placehold_placehold_placehold_placehold_placehold_placehold_placehold_placehold_placehold_placehold_placehold_placehold_placehold_placehold_placehold_placehold_placehold_placeho/x86_64-conda-linux-gnu/sysroot --with-build-sysroot=/home/conda/feedstock_root/build_artifacts/gcc_compilers_1685813973314/_build_env/x86_64-conda-linux-gnu/sysroot --with-gxx-include-dir=/home/conda/feedstock_root/build_artifacts/gcc_compilers_1685813973314/_h_env_placehold_placehold_placehold_placehold_placehold_placehold_placehold_placehold_placehold_placehold_placehold_placehold_placehold_placehold_placehold_placehold_placehold_placeho/x86_64-conda-linux-gnu/include/c++/12.3.0 --with-pkgversion='conda-forge gcc 12.3.0-0' --with-bugurl=https://github.com/conda-forge/ctng-compilers-feedstock/issues/new/choose
Thread model: posix
Supported LTO compression algorithms: zlib
gcc version 12.3.0 (conda-forge gcc 12.3.0-0) 
COLLECT_GCC_OPTIONS='-march=nocona' '-mtune=haswell' '-ftree-vectorize' '-fPIC' '-fstack-protector-strong' '-fno-plt' '-O2' '-ffunction-sections' '-pipe' '-isystem' '/home/dinupa/mambaforge/envs/geant4-playground/include' '-v' '-o' 'CMakeFiles/cmTC_706d2.dir/CMakeCCompilerABI.c.o' '-c' '-dumpdir' 'CMakeFiles/cmTC_706d2.dir/'
 /home/dinupa/mambaforge/envs/geant4-playground/bin/../libexec/gcc/x86_64-conda-linux-gnu/12.3.0/cc1 -quiet -v -iprefix /home/dinupa/mambaforge/envs/geant4-playground/bin/../lib/gcc/x86_64-conda-linux-gnu/12.3.0/ -isysroot /home/dinupa/mambaforge/envs/geant4-playground/bin/../x86_64-conda-linux-gnu/sysroot -isystem /home/dinupa/mambaforge/envs/geant4-playground/include /usr/share/cmake-3.25/Modules/CMakeCCompilerABI.c -quiet -dumpdir CMakeFiles/cmTC_706d2.dir/ -dumpbase CMakeCCompilerABI.c.c -dumpbase-ext .c -march=nocona -mtune=haswell -O2 -version -ftree-vectorize -fPIC -fstack-protector-strong -fno-plt -ffunction-sections -o - |
 /home/dinupa/mambaforge/envs/geant4-playground/bin/../lib/gcc/x86_64-conda-linux-gnu/12.3.0/../../../../x86_64-conda-linux-gnu/bin/as -v --64 -o CMakeFiles/cmTC_706d2.dir/CMakeCCompilerABI.c.o
GNU assembler version 2.40 (x86_64-conda-linux-gnu) using BFD version (GNU Binutils) 2.40
GNU C17 (conda-forge gcc 12.3.0-0) version 12.3.0 (x86_64-conda-linux-gnu)
	compiled by GNU C version 12.2.0, GMP version 6.2.1, MPFR version 4.1.0, MPC version 1.2.1, isl version isl-0.24-GMP

GGC heuristics: --param ggc-min-expand=100 --param ggc-min-heapsize=131072
ignoring duplicate directory "/home/dinupa/mambaforge/envs/geant4-playground/bin/../lib/gcc/../../lib/gcc/x86_64-conda-linux-gnu/12.3.0/include"
ignoring nonexistent directory "/home/dinupa/mambaforge/envs/geant4-playground/bin/../x86_64-conda-linux-gnu/sysroot/usr/local/include"
ignoring duplicate directory "/home/dinupa/mambaforge/envs/geant4-playground/bin/../lib/gcc/../../lib/gcc/x86_64-conda-linux-gnu/12.3.0/include-fixed"
ignoring duplicate directory "/home/dinupa/mambaforge/envs/geant4-playground/bin/../lib/gcc/../../lib/gcc/x86_64-conda-linux-gnu/12.3.0/../../../../x86_64-conda-linux-gnu/include"
#include "..." search starts here:
#include <...> search starts here:
 /home/dinupa/mambaforge/envs/geant4-playground/include
 /home/dinupa/mambaforge/envs/geant4-playground/bin/../lib/gcc/x86_64-conda-linux-gnu/12.3.0/include
 /home/dinupa/mambaforge/envs/geant4-playground/bin/../lib/gcc/x86_64-conda-linux-gnu/12.3.0/include-fixed
 /home/dinupa/mambaforge/envs/geant4-playground/bin/../lib/gcc/x86_64-conda-linux-gnu/12.3.0/../../../../x86_64-conda-linux-gnu/include
 /home/dinupa/mambaforge/envs/geant4-playground/bin/../x86_64-conda-linux-gnu/sysroot/usr/include
End of search list.
GNU C17 (conda-forge gcc 12.3.0-0) version 12.3.0 (x86_64-conda-linux-gnu)
	compiled by GNU C version 12.2.0, GMP version 6.2.1, MPFR version 4.1.0, MPC version 1.2.1, isl version isl-0.24-GMP

GGC heuristics: --param ggc-min-expand=100 --param ggc-min-heapsize=131072
Compiler executable checksum: fe9e54314e701292a7ffc0a1fa931e0d
COMPILER_PATH=/home/dinupa/mambaforge/envs/geant4-playground/bin/../libexec/gcc/x86_64-conda-linux-gnu/12.3.0/:/home/dinupa/mambaforge/envs/geant4-playground/bin/../libexec/gcc/:/home/dinupa/mambaforge/envs/geant4-playground/bin/../lib/gcc/x86_64-conda-linux-gnu/12.3.0/../../../../x86_64-conda-linux-gnu/bin/
LIBRARY_PATH=/home/dinupa/mambaforge/envs/geant4-playground/bin/../lib/gcc/x86_64-conda-linux-gnu/12.3.0/:/home/dinupa/mambaforge/envs/geant4-playground/bin/../lib/gcc/:/home/dinupa/mambaforge/envs/geant4-playground/bin/../lib/gcc/x86_64-conda-linux-gnu/12.3.0/../../../../x86_64-conda-linux-gnu/lib/../lib/:/home/dinupa/mambaforge/envs/geant4-playground/bin/../lib/gcc/x86_64-conda-linux-gnu/12.3.0/../../../../lib/:/home/dinupa/mambaforge/envs/geant4-playground/bin/../x86_64-conda-linux-gnu/sysroot/lib/../lib/:/home/dinupa/mambaforge/envs/geant4-playground/bin/../x86_64-conda-linux-gnu/sysroot/usr/lib/../lib/:/home/dinupa/mambaforge/envs/geant4-playground/bin/../lib/gcc/x86_64-conda-linux-gnu/12.3.0/../../../../x86_64-conda-linux-gnu/lib/:/home/dinupa/mambaforge/envs/geant4-playground/bin/../lib/gcc/x86_64-conda-linux-gnu/12.3.0/../../../:/home/dinupa/mambaforge/envs/geant4-playground/bin/../x86_64-conda-linux-gnu/sysroot/lib/:/home/dinupa/mambaforge/envs/geant4-playground/bin/../x86_64-conda-linux-gnu/sysroot/usr/lib/
COLLECT_GCC_OPTIONS='-march=nocona' '-mtune=haswell' '-ftree-vectorize' '-fPIC' '-fstack-protector-strong' '-fno-plt' '-O2' '-ffunction-sections' '-pipe' '-isystem' '/home/dinupa/mambaforge/envs/geant4-playground/include' '-v' '-o' 'CMakeFiles/cmTC_706d2.dir/CMakeCCompilerABI.c.o' '-c' '-dumpdir' 'CMakeFiles/cmTC_706d2.dir/CMakeCCompilerABI.c.'
Linking C executable cmTC_706d2
/usr/bin/cmake -E cmake_link_script CMakeFiles/cmTC_706d2.dir/link.txt --verbose=1
/home/dinupa/mambaforge/envs/geant4-playground/bin/x86_64-conda-linux-gnu-cc -march=nocona -mtune=haswell -ftree-vectorize -fPIC -fstack-protector-strong -fno-plt -O2 -ffunction-sections -pipe -isystem /home/dinupa/mambaforge/envs/geant4-playground/include  -Wl,-O2 -Wl,--sort-common -Wl,--as-needed -Wl,-z,relro -Wl,-z,now -Wl,--disable-new-dtags -Wl,--gc-sections -Wl,--allow-shlib-undefined -Wl,-rpath,/home/dinupa/mambaforge/envs/geant4-playground/lib -Wl,-rpath-link,/home/dinupa/mambaforge/envs/geant4-playground/lib -L/home/dinupa/mambaforge/envs/geant4-playground/lib -v CMakeFiles/cmTC_706d2.dir/CMakeCCompilerABI.c.o -o cmTC_706d2 
Reading specs from /home/dinupa/mambaforge/envs/geant4-playground/bin/../lib/gcc/x86_64-conda-linux-gnu/12.3.0/specs
could not find specs file conda.specs
COLLECT_GCC=/home/dinupa/mambaforge/envs/geant4-playground/bin/x86_64-conda-linux-gnu-cc
COLLECT_LTO_WRAPPER=/home/dinupa/mambaforge/envs/geant4-playground/bin/../libexec/gcc/x86_64-conda-linux-gnu/12.3.0/lto-wrapper
Target: x86_64-conda-linux-gnu
Configured with: ../configure --prefix=/home/conda/feedstock_root/build_artifacts/gcc_compilers_1685813973314/_h_env_placehold_placehold_placehold_placehold_placehold_placehold_placehold_placehold_placehold_placehold_placehold_placehold_placehold_placehold_placehold_placehold_placehold_placeho --with-slibdir=/home/conda/feedstock_root/build_artifacts/gcc_compilers_1685813973314/_h_env_placehold_placehold_placehold_placehold_placehold_placehold_placehold_placehold_placehold_placehold_placehold_placehold_placehold_placehold_placehold_placehold_placehold_placeho/lib --libdir=/home/conda/feedstock_root/build_artifacts/gcc_compilers_1685813973314/_h_env_placehold_placehold_placehold_placehold_placehold_placehold_placehold_placehold_placehold_placehold_placehold_placehold_placehold_placehold_placehold_placehold_placehold_placeho/lib --mandir=/home/conda/feedstock_root/build_artifacts/gcc_compilers_1685813973314/_h_env_placehold_placehold_placehold_placehold_placehold_placehold_placehold_placehold_placehold_placehold_placehold_placehold_placehold_placehold_placehold_placehold_placehold_placeho/man --build=x86_64-conda-linux-gnu --host=x86_64-conda-linux-gnu --target=x86_64-conda-linux-gnu --enable-default-pie --enable-languages=c,c++,fortran,objc,obj-c++ --enable-__cxa_atexit --disable-libmudflap --enable-libgomp --disable-libssp --enable-libquadmath --enable-libquadmath-support --enable-libsanitizer --enable-lto --enable-threads=posix --enable-target-optspace --enable-plugin --enable-gold --disable-nls --disable-bootstrap --disable-multilib --enable-long-long --with-sysroot=/home/conda/feedstock_root/build_artifacts/gcc_compilers_1685813973314/_h_env_placehold_placehold_placehold_placehold_placehold_placehold_placehold_placehold_placehold_placehold_placehold_placehold_placehold_placehold_placehold_placehold_placehold_placeho/x86_64-conda-linux-gnu/sysroot --with-build-sysroot=/home/conda/feedstock_root/build_artifacts/gcc_compilers_1685813973314/_build_env/x86_64-conda-linux-gnu/sysroot --with-gxx-include-dir=/home/conda/feedstock_root/build_artifacts/gcc_compilers_1685813973314/_h_env_placehold_placehold_placehold_placehold_placehold_placehold_placehold_placehold_placehold_placehold_placehold_placehold_placehold_placehold_placehold_placehold_placehold_placeho/x86_64-conda-linux-gnu/include/c++/12.3.0 --with-pkgversion='conda-forge gcc 12.3.0-0' --with-bugurl=https://github.com/conda-forge/ctng-compilers-feedstock/issues/new/choose
Thread model: posix
Supported LTO compression algorithms: zlib
gcc version 12.3.0 (conda-forge gcc 12.3.0-0) 
COMPILER_PATH=/home/dinupa/mambaforge/envs/geant4-playground/bin/../libexec/gcc/x86_64-conda-linux-gnu/12.3.0/:/home/dinupa/mambaforge/envs/geant4-playground/bin/../libexec/gcc/:/home/dinupa/mambaforge/envs/geant4-playground/bin/../lib/gcc/x86_64-conda-linux-gnu/12.3.0/../../../../x86_64-conda-linux-gnu/bin/
LIBRARY_PATH=/home/dinupa/mambaforge/envs/geant4-playground/bin/../lib/gcc/x86_64-conda-linux-gnu/12.3.0/:/home/dinupa/mambaforge/envs/geant4-playground/bin/../lib/gcc/:/home/dinupa/mambaforge/envs/geant4-playground/bin/../lib/gcc/x86_64-conda-linux-gnu/12.3.0/../../../../x86_64-conda-linux-gnu/lib/../lib/:/home/dinupa/mambaforge/envs/geant4-playground/bin/../lib/gcc/x86_64-conda-linux-gnu/12.3.0/../../../../lib/:/home/dinupa/mambaforge/envs/geant4-playground/bin/../x86_64-conda-linux-gnu/sysroot/lib/../lib/:/home/dinupa/mambaforge/envs/geant4-playground/bin/../x86_64-conda-linux-gnu/sysroot/usr/lib/../lib/:/home/dinupa/mambaforge/envs/geant4-playground/bin/../lib/gcc/x86_64-conda-linux-gnu/12.3.0/../../../../x86_64-conda-linux-gnu/lib/:/home/dinupa/mambaforge/envs/geant4-playground/bin/../lib/gcc/x86_64-conda-linux-gnu/12.3.0/../../../:/home/dinupa/mambaforge/envs/geant4-playground/bin/../x86_64-conda-linux-gnu/sysroot/lib/:/home/dinupa/mambaforge/envs/geant4-playground/bin/../x86_64-conda-linux-gnu/sysroot/usr/lib/
COLLECT_GCC_OPTIONS='-march=nocona' '-mtune=haswell' '-ftree-vectorize' '-fPIC' '-fstack-protector-strong' '-fno-plt' '-O2' '-ffunction-sections' '-pipe' '-isystem' '/home/dinupa/mambaforge/envs/geant4-playground/include' '-L/home/dinupa/mambaforge/envs/geant4-playground/lib' '-v' '-o' 'cmTC_706d2' '-dumpdir' 'cmTC_706d2.'
 /home/dinupa/mambaforge/envs/geant4-playground/bin/../libexec/gcc/x86_64-conda-linux-gnu/12.3.0/collect2 -plugin /home/dinupa/mambaforge/envs/geant4-playground/bin/../libexec/gcc/x86_64-conda-linux-gnu/12.3.0/liblto_plugin.so -plugin-opt=/home/dinupa/mambaforge/envs/geant4-playground/bin/../libexec/gcc/x86_64-conda-linux-gnu/12.3.0/lto-wrapper -plugin-opt=-fresolution=/tmp/ccL2xe6B.res -plugin-opt=-pass-through=-lgcc -plugin-opt=-pass-through=-lgcc_s -plugin-opt=-pass-through=-lc -plugin-opt=-pass-through=-lgcc -plugin-opt=-pass-through=-lgcc_s --sysroot=/home/dinupa/mambaforge/envs/geant4-playground/bin/../x86_64-conda-linux-gnu/sysroot --eh-frame-hdr -m elf_x86_64 -dynamic-linker /lib64/ld-linux-x86-64.so.2 -pie -o cmTC_706d2 /home/dinupa/mambaforge/envs/geant4-playground/bin/../x86_64-conda-linux-gnu/sysroot/usr/lib/../lib/Scrt1.o /home/dinupa/mambaforge/envs/geant4-playground/bin/../x86_64-conda-linux-gnu/sysroot/usr/lib/../lib/crti.o /home/dinupa/mambaforge/envs/geant4-playground/bin/../lib/gcc/x86_64-conda-linux-gnu/12.3.0/crtbeginS.o -L/home/dinupa/mambaforge/envs/geant4-playground/lib -L/home/dinupa/mambaforge/envs/geant4-playground/bin/../lib/gcc/x86_64-conda-linux-gnu/12.3.0 -L/home/dinupa/mambaforge/envs/geant4-playground/bin/../lib/gcc -L/home/dinupa/mambaforge/envs/geant4-playground/bin/../lib/gcc/x86_64-conda-linux-gnu/12.3.0/../../../../x86_64-conda-linux-gnu/lib/../lib -L/home/dinupa/mambaforge/envs/geant4-playground/bin/../lib/gcc/x86_64-conda-linux-gnu/12.3.0/../../../../lib -L/home/dinupa/mambaforge/envs/geant4-playground/bin/../x86_64-conda-linux-gnu/sysroot/lib/../lib -L/home/dinupa/mambaforge/envs/geant4-playground/bin/../x86_64-conda-linux-gnu/sysroot/usr/lib/../lib -L/home/dinupa/mambaforge/envs/geant4-playground/bin/../lib/gcc/x86_64-conda-linux-gnu/12.3.0/../../../../x86_64-conda-linux-gnu/lib -L/home/dinupa/mambaforge/envs/geant4-playground/bin/../lib/gcc/x86_64-conda-linux-gnu/12.3.0/../../.. -L/home/dinupa/mambaforge/envs/geant4-playground/bin/../x86_64-conda-linux-gnu/sysroot/lib -L/home/dinupa/mambaforge/envs/geant4-playground/bin/../x86_64-conda-linux-gnu/sysroot/usr/lib -O2 --sort-common --as-needed -z relro -z now --disable-new-dtags --gc-sections --allow-shlib-undefined -rpath /home/dinupa/mambaforge/envs/geant4-playground/lib -rpath-link /home/dinupa/mambaforge/envs/geant4-playground/lib CMakeFiles/cmTC_706d2.dir/CMakeCCompilerABI.c.o -lgcc --push-state --as-needed -lgcc_s --pop-state -lc -lgcc --push-state --as-needed -lgcc_s --pop-state /home/dinupa/mambaforge/envs/geant4-playground/bin/../lib/gcc/x86_64-conda-linux-gnu/12.3.0/crtendS.o /home/dinupa/mambaforge/envs/geant4-playground/bin/../x86_64-conda-linux-gnu/sysroot/usr/lib/../lib/crtn.o -rpath /home/dinupa/mambaforge/envs/geant4-playground/lib
COLLECT_GCC_OPTIONS='-march=nocona' '-mtune=haswell' '-ftree-vectorize' '-fPIC' '-fstack-protector-strong' '-fno-plt' '-O2' '-ffunction-sections' '-pipe' '-isystem' '/home/dinupa/mambaforge/envs/geant4-playground/include' '-L/home/dinupa/mambaforge/envs/geant4-playground/lib' '-v' '-o' 'cmTC_706d2' '-dumpdir' 'cmTC_706d2.'
gmake[1]: Leaving directory '/home/dinupa/geant4-playground/B4/B4a/build/CMakeFiles/CMakeScratch/TryCompile-0aAPJQ'



Parsed C implicit include dir info from above output: rv=done
  found start of include info
  found start of implicit include info
    add: [/home/dinupa/mambaforge/envs/geant4-playground/include]
    add: [/home/dinupa/mambaforge/envs/geant4-playground/bin/../lib/gcc/x86_64-conda-linux-gnu/12.3.0/include]
    add: [/home/dinupa/mambaforge/envs/geant4-playground/bin/../lib/gcc/x86_64-conda-linux-gnu/12.3.0/include-fixed]
    add: [/home/dinupa/mambaforge/envs/geant4-playground/bin/../lib/gcc/x86_64-conda-linux-gnu/12.3.0/../../../../x86_64-conda-linux-gnu/include]
    add: [/home/dinupa/mambaforge/envs/geant4-playground/bin/../x86_64-conda-linux-gnu/sysroot/usr/include]
  end of search list found
  collapse include dir [/home/dinupa/mambaforge/envs/geant4-playground/include] ==> [/home/dinupa/mambaforge/envs/geant4-playground/include]
  collapse include dir [/home/dinupa/mambaforge/envs/geant4-playground/bin/../lib/gcc/x86_64-conda-linux-gnu/12.3.0/include] ==> [/home/dinupa/mambaforge/envs/geant4-playground/lib/gcc/x86_64-conda-linux-gnu/12.3.0/include]
  collapse include dir [/home/dinupa/mambaforge/envs/geant4-playground/bin/../lib/gcc/x86_64-conda-linux-gnu/12.3.0/include-fixed] ==> [/home/dinupa/mambaforge/envs/geant4-playground/lib/gcc/x86_64-conda-linux-gnu/12.3.0/include-fixed]
  collapse include dir [/home/dinupa/mambaforge/envs/geant4-playground/bin/../lib/gcc/x86_64-conda-linux-gnu/12.3.0/../../../../x86_64-conda-linux-gnu/include] ==> [/home/dinupa/mambaforge/envs/geant4-playground/x86_64-conda-linux-gnu/include]
  collapse include dir [/home/dinupa/mambaforge/envs/geant4-playground/bin/../x86_64-conda-linux-gnu/sysroot/usr/include] ==> [/home/dinupa/mambaforge/envs/geant4-playground/x86_64-conda-linux-gnu/sysroot/usr/include]
  implicit include dirs: [/home/dinupa/mambaforge/envs/geant4-playground/include;/home/dinupa/mambaforge/envs/geant4-playground/lib/gcc/x86_64-conda-linux-gnu/12.3.0/include;/home/dinupa/mambaforge/envs/geant4-playground/lib/gcc/x86_64-conda-linux-gnu/12.3.0/include-fixed;/home/dinupa/mambaforge/envs/geant4-playground/x86_64-conda-linux-gnu/include;/home/dinupa/mambaforge/envs/geant4-playground/x86_64-conda-linux-gnu/sysroot/usr/include]


Parsed C implicit link information from above output:
  link line regex: [^( *|.*[/\])(x86_64-conda-linux-gnu-ld|CMAKE_LINK_STARTFILE-NOTFOUND|([^/\]+-)?ld|collect2)[^/\]*( |$)]
  ignore line: [Change Dir: /home/dinupa/geant4-playground/B4/B4a/build/CMakeFiles/CMakeScratch/TryCompile-0aAPJQ]
  ignore line: []
  ignore line: [Run Build Command(s):/usr/bin/gmake -f Makefile cmTC_706d2/fast && /usr/bin/gmake  -f CMakeFiles/cmTC_706d2.dir/build.make CMakeFiles/cmTC_706d2.dir/build]
  ignore line: [gmake[1]: Entering directory '/home/dinupa/geant4-playground/B4/B4a/build/CMakeFiles/CMakeScratch/TryCompile-0aAPJQ']
  ignore line: [Building C object CMakeFiles/cmTC_706d2.dir/CMakeCCompilerABI.c.o]
  ignore line: [/home/dinupa/mambaforge/envs/geant4-playground/bin/x86_64-conda-linux-gnu-cc   -march=nocona -mtune=haswell -ftree-vectorize -fPIC -fstack-protector-strong -fno-plt -O2 -ffunction-sections -pipe -isystem /home/dinupa/mambaforge/envs/geant4-playground/include    -v -o CMakeFiles/cmTC_706d2.dir/CMakeCCompilerABI.c.o -c /usr/share/cmake-3.25/Modules/CMakeCCompilerABI.c]
  ignore line: [Reading specs from /home/dinupa/mambaforge/envs/geant4-playground/bin/../lib/gcc/x86_64-conda-linux-gnu/12.3.0/specs]
  ignore line: [could not find specs file conda.specs]
  ignore line: [COLLECT_GCC=/home/dinupa/mambaforge/envs/geant4-playground/bin/x86_64-conda-linux-gnu-cc]
  ignore line: [Target: x86_64-conda-linux-gnu]
  ignore line: [Configured with: ../configure --prefix=/home/conda/feedstock_root/build_artifacts/gcc_compilers_1685813973314/_h_env_placehold_placehold_placehold_placehold_placehold_placehold_placehold_placehold_placehold_placehold_placehold_placehold_placehold_placehold_placehold_placehold_placehold_placeho --with-slibdir=/home/conda/feedstock_root/build_artifacts/gcc_compilers_1685813973314/_h_env_placehold_placehold_placehold_placehold_placehold_placehold_placehold_placehold_placehold_placehold_placehold_placehold_placehold_placehold_placehold_placehold_placehold_placeho/lib --libdir=/home/conda/feedstock_root/build_artifacts/gcc_compilers_1685813973314/_h_env_placehold_placehold_placehold_placehold_placehold_placehold_placehold_placehold_placehold_placehold_placehold_placehold_placehold_placehold_placehold_placehold_placehold_placeho/lib --mandir=/home/conda/feedstock_root/build_artifacts/gcc_compilers_1685813973314/_h_env_placehold_placehold_placehold_placehold_placehold_placehold_placehold_placehold_placehold_placehold_placehold_placehold_placehold_placehold_placehold_placehold_placehold_placeho/man --build=x86_64-conda-linux-gnu --host=x86_64-conda-linux-gnu --target=x86_64-conda-linux-gnu --enable-default-pie --enable-languages=c c++ fortran objc obj-c++ --enable-__cxa_atexit --disable-libmudflap --enable-libgomp --disable-libssp --enable-libquadmath --enable-libquadmath-support --enable-libsanitizer --enable-lto --enable-threads=posix --enable-target-optspace --enable-plugin --enable-gold --disable-nls --disable-bootstrap --disable-multilib --enable-long-long --with-sysroot=/home/conda/feedstock_root/build_artifacts/gcc_compilers_1685813973314/_h_env_placehold_placehold_placehold_placehold_placehold_placehold_placehold_placehold_placehold_placehold_placehold_placehold_placehold_placehold_placehold_placehold_placehold_placeho/x86_64-conda-linux-gnu/sysroot --with-build-sysroot=/home/conda/feedstock_root/build_artifacts/gcc_compilers_1685813973314/_build_env/x86_64-conda-linux-gnu/sysroot --with-gxx-include-dir=/home/conda/feedstock_root/build_artifacts/gcc_compilers_1685813973314/_h_env_placehold_placehold_placehold_placehold_placehold_placehold_placehold_placehold_placehold_placehold_placehold_placehold_placehold_placehold_placehold_placehold_placehold_placeho/x86_64-conda-linux-gnu/include/c++/12.3.0 --with-pkgversion='conda-forge gcc 12.3.0-0' --with-bugurl=https://github.com/conda-forge/ctng-compilers-feedstock/issues/new/choose]
  ignore line: [Thread model: posix]
  ignore line: [Supported LTO compression algorithms: zlib]
  ignore line: [gcc version 12.3.0 (conda-forge gcc 12.3.0-0) ]
  ignore line: [COLLECT_GCC_OPTIONS='-march=nocona' '-mtune=haswell' '-ftree-vectorize' '-fPIC' '-fstack-protector-strong' '-fno-plt' '-O2' '-ffunction-sections' '-pipe' '-isystem' '/home/dinupa/mambaforge/envs/geant4-playground/include' '-v' '-o' 'CMakeFiles/cmTC_706d2.dir/CMakeCCompilerABI.c.o' '-c' '-dumpdir' 'CMakeFiles/cmTC_706d2.dir/']
  ignore line: [ /home/dinupa/mambaforge/envs/geant4-playground/bin/../libexec/gcc/x86_64-conda-linux-gnu/12.3.0/cc1 -quiet -v -iprefix /home/dinupa/mambaforge/envs/geant4-playground/bin/../lib/gcc/x86_64-conda-linux-gnu/12.3.0/ -isysroot /home/dinupa/mambaforge/envs/geant4-playground/bin/../x86_64-conda-linux-gnu/sysroot -isystem /home/dinupa/mambaforge/envs/geant4-playground/include /usr/share/cmake-3.25/Modules/CMakeCCompilerABI.c -quiet -dumpdir CMakeFiles/cmTC_706d2.dir/ -dumpbase CMakeCCompilerABI.c.c -dumpbase-ext .c -march=nocona -mtune=haswell -O2 -version -ftree-vectorize -fPIC -fstack-protector-strong -fno-plt -ffunction-sections -o - |]
  ignore line: [ /home/dinupa/mambaforge/envs/geant4-playground/bin/../lib/gcc/x86_64-conda-linux-gnu/12.3.0/../../../../x86_64-conda-linux-gnu/bin/as -v --64 -o CMakeFiles/cmTC_706d2.dir/CMakeCCompilerABI.c.o]
  ignore line: [GNU assembler version 2.40 (x86_64-conda-linux-gnu) using BFD version (GNU Binutils) 2.40]
  ignore line: [GNU C17 (conda-forge gcc 12.3.0-0) version 12.3.0 (x86_64-conda-linux-gnu)]
  ignore line: [	compiled by GNU C version 12.2.0  GMP version 6.2.1  MPFR version 4.1.0  MPC version 1.2.1  isl version isl-0.24-GMP]
  ignore line: []
  ignore line: [GGC heuristics: --param ggc-min-expand=100 --param ggc-min-heapsize=131072]
  ignore line: [ignoring duplicate directory "/home/dinupa/mambaforge/envs/geant4-playground/bin/../lib/gcc/../../lib/gcc/x86_64-conda-linux-gnu/12.3.0/include"]
  ignore line: [ignoring nonexistent directory "/home/dinupa/mambaforge/envs/geant4-playground/bin/../x86_64-conda-linux-gnu/sysroot/usr/local/include"]
  ignore line: [ignoring duplicate directory "/home/dinupa/mambaforge/envs/geant4-playground/bin/../lib/gcc/../../lib/gcc/x86_64-conda-linux-gnu/12.3.0/include-fixed"]
  ignore line: [ignoring duplicate directory "/home/dinupa/mambaforge/envs/geant4-playground/bin/../lib/gcc/../../lib/gcc/x86_64-conda-linux-gnu/12.3.0/../../../../x86_64-conda-linux-gnu/include"]
  ignore line: [#include "..." search starts here:]
  ignore line: [#include <...> search starts here:]
  ignore line: [ /home/dinupa/mambaforge/envs/geant4-playground/include]
  ignore line: [ /home/dinupa/mambaforge/envs/geant4-playground/bin/../lib/gcc/x86_64-conda-linux-gnu/12.3.0/include]
  ignore line: [ /home/dinupa/mambaforge/envs/geant4-playground/bin/../lib/gcc/x86_64-conda-linux-gnu/12.3.0/include-fixed]
  ignore line: [ /home/dinupa/mambaforge/envs/geant4-playground/bin/../lib/gcc/x86_64-conda-linux-gnu/12.3.0/../../../../x86_64-conda-linux-gnu/include]
  ignore line: [ /home/dinupa/mambaforge/envs/geant4-playground/bin/../x86_64-conda-linux-gnu/sysroot/usr/include]
  ignore line: [End of search list.]
  ignore line: [GNU C17 (conda-forge gcc 12.3.0-0) version 12.3.0 (x86_64-conda-linux-gnu)]
  ignore line: [	compiled by GNU C version 12.2.0  GMP version 6.2.1  MPFR version 4.1.0  MPC version 1.2.1  isl version isl-0.24-GMP]
  ignore line: []
  ignore line: [GGC heuristics: --param ggc-min-expand=100 --param ggc-min-heapsize=131072]
  ignore line: [Compiler executable checksum: fe9e54314e701292a7ffc0a1fa931e0d]
  ignore line: [COMPILER_PATH=/home/dinupa/mambaforge/envs/geant4-playground/bin/../libexec/gcc/x86_64-conda-linux-gnu/12.3.0/:/home/dinupa/mambaforge/envs/geant4-playground/bin/../libexec/gcc/:/home/dinupa/mambaforge/envs/geant4-playground/bin/../lib/gcc/x86_64-conda-linux-gnu/12.3.0/../../../../x86_64-conda-linux-gnu/bin/]
  ignore line: [LIBRARY_PATH=/home/dinupa/mambaforge/envs/geant4-playground/bin/../lib/gcc/x86_64-conda-linux-gnu/12.3.0/:/home/dinupa/mambaforge/envs/geant4-playground/bin/../lib/gcc/:/home/dinupa/mambaforge/envs/geant4-playground/bin/../lib/gcc/x86_64-conda-linux-gnu/12.3.0/../../../../x86_64-conda-linux-gnu/lib/../lib/:/home/dinupa/mambaforge/envs/geant4-playground/bin/../lib/gcc/x86_64-conda-linux-gnu/12.3.0/../../../../lib/:/home/dinupa/mambaforge/envs/geant4-playground/bin/../x86_64-conda-linux-gnu/sysroot/lib/../lib/:/home/dinupa/mambaforge/envs/geant4-playground/bin/../x86_64-conda-linux-gnu/sysroot/usr/lib/../lib/:/home/dinupa/mambaforge/envs/geant4-playground/bin/../lib/gcc/x86_64-conda-linux-gnu/12.3.0/../../../../x86_64-conda-linux-gnu/lib/:/home/dinupa/mambaforge/envs/geant4-playground/bin/../lib/gcc/x86_64-conda-linux-gnu/12.3.0/../../../:/home/dinupa/mambaforge/envs/geant4-playground/bin/../x86_64-conda-linux-gnu/sysroot/lib/:/home/dinupa/mambaforge/envs/geant4-playground/bin/../x86_64-conda-linux-gnu/sysroot/usr/lib/]
  ignore line: [COLLECT_GCC_OPTIONS='-march=nocona' '-mtune=haswell' '-ftree-vectorize' '-fPIC' '-fstack-protector-strong' '-fno-plt' '-O2' '-ffunction-sections' '-pipe' '-isystem' '/home/dinupa/mambaforge/envs/geant4-playground/include' '-v' '-o' 'CMakeFiles/cmTC_706d2.dir/CMakeCCompilerABI.c.o' '-c' '-dumpdir' 'CMakeFiles/cmTC_706d2.dir/CMakeCCompilerABI.c.']
  ignore line: [Linking C executable cmTC_706d2]
  ignore line: [/usr/bin/cmake -E cmake_link_script CMakeFiles/cmTC_706d2.dir/link.txt --verbose=1]
  ignore line: [/home/dinupa/mambaforge/envs/geant4-playground/bin/x86_64-conda-linux-gnu-cc -march=nocona -mtune=haswell -ftree-vectorize -fPIC -fstack-protector-strong -fno-plt -O2 -ffunction-sections -pipe -isystem /home/dinupa/mambaforge/envs/geant4-playground/include  -Wl -O2 -Wl --sort-common -Wl --as-needed -Wl -z relro -Wl -z now -Wl --disable-new-dtags -Wl --gc-sections -Wl --allow-shlib-undefined -Wl -rpath /home/dinupa/mambaforge/envs/geant4-playground/lib -Wl -rpath-link /home/dinupa/mambaforge/envs/geant4-playground/lib -L/home/dinupa/mambaforge/envs/geant4-playground/lib -v CMakeFiles/cmTC_706d2.dir/CMakeCCompilerABI.c.o -o cmTC_706d2 ]
  ignore line: [Reading specs from /home/dinupa/mambaforge/envs/geant4-playground/bin/../lib/gcc/x86_64-conda-linux-gnu/12.3.0/specs]
  ignore line: [could not find specs file conda.specs]
  ignore line: [COLLECT_GCC=/home/dinupa/mambaforge/envs/geant4-playground/bin/x86_64-conda-linux-gnu-cc]
  ignore line: [COLLECT_LTO_WRAPPER=/home/dinupa/mambaforge/envs/geant4-playground/bin/../libexec/gcc/x86_64-conda-linux-gnu/12.3.0/lto-wrapper]
  ignore line: [Target: x86_64-conda-linux-gnu]
  ignore line: [Configured with: ../configure --prefix=/home/conda/feedstock_root/build_artifacts/gcc_compilers_1685813973314/_h_env_placehold_placehold_placehold_placehold_placehold_placehold_placehold_placehold_placehold_placehold_placehold_placehold_placehold_placehold_placehold_placehold_placehold_placeho --with-slibdir=/home/conda/feedstock_root/build_artifacts/gcc_compilers_1685813973314/_h_env_placehold_placehold_placehold_placehold_placehold_placehold_placehold_placehold_placehold_placehold_placehold_placehold_placehold_placehold_placehold_placehold_placehold_placeho/lib --libdir=/home/conda/feedstock_root/build_artifacts/gcc_compilers_1685813973314/_h_env_placehold_placehold_placehold_placehold_placehold_placehold_placehold_placehold_placehold_placehold_placehold_placehold_placehold_placehold_placehold_placehold_placehold_placeho/lib --mandir=/home/conda/feedstock_root/build_artifacts/gcc_compilers_1685813973314/_h_env_placehold_placehold_placehold_placehold_placehold_placehold_placehold_placehold_placehold_placehold_placehold_placehold_placehold_placehold_placehold_placehold_placehold_placeho/man --build=x86_64-conda-linux-gnu --host=x86_64-conda-linux-gnu --target=x86_64-conda-linux-gnu --enable-default-pie --enable-languages=c c++ fortran objc obj-c++ --enable-__cxa_atexit --disable-libmudflap --enable-libgomp --disable-libssp --enable-libquadmath --enable-libquadmath-support --enable-libsanitizer --enable-lto --enable-threads=posix --enable-target-optspace --enable-plugin --enable-gold --disable-nls --disable-bootstrap --disable-multilib --enable-long-long --with-sysroot=/home/conda/feedstock_root/build_artifacts/gcc_compilers_1685813973314/_h_env_placehold_placehold_placehold_placehold_placehold_placehold_placehold_placehold_placehold_placehold_placehold_placehold_placehold_placehold_placehold_placehold_placehold_placeho/x86_64-conda-linux-gnu/sysroot --with-build-sysroot=/home/conda/feedstock_root/build_artifacts/gcc_compilers_1685813973314/_build_env/x86_64-conda-linux-gnu/sysroot --with-gxx-include-dir=/home/conda/feedstock_root/build_artifacts/gcc_compilers_1685813973314/_h_env_placehold_placehold_placehold_placehold_placehold_placehold_placehold_placehold_placehold_placehold_placehold_placehold_placehold_placehold_placehold_placehold_placehold_placeho/x86_64-conda-linux-gnu/include/c++/12.3.0 --with-pkgversion='conda-forge gcc 12.3.0-0' --with-bugurl=https://github.com/conda-forge/ctng-compilers-feedstock/issues/new/choose]
  ignore line: [Thread model: posix]
  ignore line: [Supported LTO compression algorithms: zlib]
  ignore line: [gcc version 12.3.0 (conda-forge gcc 12.3.0-0) ]
  ignore line: [COMPILER_PATH=/home/dinupa/mambaforge/envs/geant4-playground/bin/../libexec/gcc/x86_64-conda-linux-gnu/12.3.0/:/home/dinupa/mambaforge/envs/geant4-playground/bin/../libexec/gcc/:/home/dinupa/mambaforge/envs/geant4-playground/bin/../lib/gcc/x86_64-conda-linux-gnu/12.3.0/../../../../x86_64-conda-linux-gnu/bin/]
  ignore line: [LIBRARY_PATH=/home/dinupa/mambaforge/envs/geant4-playground/bin/../lib/gcc/x86_64-conda-linux-gnu/12.3.0/:/home/dinupa/mambaforge/envs/geant4-playground/bin/../lib/gcc/:/home/dinupa/mambaforge/envs/geant4-playground/bin/../lib/gcc/x86_64-conda-linux-gnu/12.3.0/../../../../x86_64-conda-linux-gnu/lib/../lib/:/home/dinupa/mambaforge/envs/geant4-playground/bin/../lib/gcc/x86_64-conda-linux-gnu/12.3.0/../../../../lib/:/home/dinupa/mambaforge/envs/geant4-playground/bin/../x86_64-conda-linux-gnu/sysroot/lib/../lib/:/home/dinupa/mambaforge/envs/geant4-playground/bin/../x86_64-conda-linux-gnu/sysroot/usr/lib/../lib/:/home/dinupa/mambaforge/envs/geant4-playground/bin/../lib/gcc/x86_64-conda-linux-gnu/12.3.0/../../../../x86_64-conda-linux-gnu/lib/:/home/dinupa/mambaforge/envs/geant4-playground/bin/../lib/gcc/x86_64-conda-linux-gnu/12.3.0/../../../:/home/dinupa/mambaforge/envs/geant4-playground/bin/../x86_64-conda-linux-gnu/sysroot/lib/:/home/dinupa/mambaforge/envs/geant4-playground/bin/../x86_64-conda-linux-gnu/sysroot/usr/lib/]
  ignore line: [COLLECT_GCC_OPTIONS='-march=nocona' '-mtune=haswell' '-ftree-vectorize' '-fPIC' '-fstack-protector-strong' '-fno-plt' '-O2' '-ffunction-sections' '-pipe' '-isystem' '/home/dinupa/mambaforge/envs/geant4-playground/include' '-L/home/dinupa/mambaforge/envs/geant4-playground/lib' '-v' '-o' 'cmTC_706d2' '-dumpdir' 'cmTC_706d2.']
  link line: [ /home/dinupa/mambaforge/envs/geant4-playground/bin/../libexec/gcc/x86_64-conda-linux-gnu/12.3.0/collect2 -plugin /home/dinupa/mambaforge/envs/geant4-playground/bin/../libexec/gcc/x86_64-conda-linux-gnu/12.3.0/liblto_plugin.so -plugin-opt=/home/dinupa/mambaforge/envs/geant4-playground/bin/../libexec/gcc/x86_64-conda-linux-gnu/12.3.0/lto-wrapper -plugin-opt=-fresolution=/tmp/ccL2xe6B.res -plugin-opt=-pass-through=-lgcc -plugin-opt=-pass-through=-lgcc_s -plugin-opt=-pass-through=-lc -plugin-opt=-pass-through=-lgcc -plugin-opt=-pass-through=-lgcc_s --sysroot=/home/dinupa/mambaforge/envs/geant4-playground/bin/../x86_64-conda-linux-gnu/sysroot --eh-frame-hdr -m elf_x86_64 -dynamic-linker /lib64/ld-linux-x86-64.so.2 -pie -o cmTC_706d2 /home/dinupa/mambaforge/envs/geant4-playground/bin/../x86_64-conda-linux-gnu/sysroot/usr/lib/../lib/Scrt1.o /home/dinupa/mambaforge/envs/geant4-playground/bin/../x86_64-conda-linux-gnu/sysroot/usr/lib/../lib/crti.o /home/dinupa/mambaforge/envs/geant4-playground/bin/../lib/gcc/x86_64-conda-linux-gnu/12.3.0/crtbeginS.o -L/home/dinupa/mambaforge/envs/geant4-playground/lib -L/home/dinupa/mambaforge/envs/geant4-playground/bin/../lib/gcc/x86_64-conda-linux-gnu/12.3.0 -L/home/dinupa/mambaforge/envs/geant4-playground/bin/../lib/gcc -L/home/dinupa/mambaforge/envs/geant4-playground/bin/../lib/gcc/x86_64-conda-linux-gnu/12.3.0/../../../../x86_64-conda-linux-gnu/lib/../lib -L/home/dinupa/mambaforge/envs/geant4-playground/bin/../lib/gcc/x86_64-conda-linux-gnu/12.3.0/../../../../lib -L/home/dinupa/mambaforge/envs/geant4-playground/bin/../x86_64-conda-linux-gnu/sysroot/lib/../lib -L/home/dinupa/mambaforge/envs/geant4-playground/bin/../x86_64-conda-linux-gnu/sysroot/usr/lib/../lib -L/home/dinupa/mambaforge/envs/geant4-playground/bin/../lib/gcc/x86_64-conda-linux-gnu/12.3.0/../../../../x86_64-conda-linux-gnu/lib -L/home/dinupa/mambaforge/envs/geant4-playground/bin/../lib/gcc/x86_64-conda-linux-gnu/12.3.0/../../.. -L/home/dinupa/mambaforge/envs/geant4-playground/bin/../x86_64-conda-linux-gnu/sysroot/lib -L/home/dinupa/mambaforge/envs/geant4-playground/bin/../x86_64-conda-linux-gnu/sysroot/usr/lib -O2 --sort-common --as-needed -z relro -z now --disable-new-dtags --gc-sections --allow-shlib-undefined -rpath /home/dinupa/mambaforge/envs/geant4-playground/lib -rpath-link /home/dinupa/mambaforge/envs/geant4-playground/lib CMakeFiles/cmTC_706d2.dir/CMakeCCompilerABI.c.o -lgcc --push-state --as-needed -lgcc_s --pop-state -lc -lgcc --push-state --as-needed -lgcc_s --pop-state /home/dinupa/mambaforge/envs/geant4-playground/bin/../lib/gcc/x86_64-conda-linux-gnu/12.3.0/crtendS.o /home/dinupa/mambaforge/envs/geant4-playground/bin/../x86_64-conda-linux-gnu/sysroot/usr/lib/../lib/crtn.o -rpath /home/dinupa/mambaforge/envs/geant4-playground/lib]
    arg [/home/dinupa/mambaforge/envs/geant4-playground/bin/../libexec/gcc/x86_64-conda-linux-gnu/12.3.0/collect2] ==> ignore
    arg [-plugin] ==> ignore
    arg [/home/dinupa/mambaforge/envs/geant4-playground/bin/../libexec/gcc/x86_64-conda-linux-gnu/12.3.0/liblto_plugin.so] ==> ignore
    arg [-plugin-opt=/home/dinupa/mambaforge/envs/geant4-playground/bin/../libexec/gcc/x86_64-conda-linux-gnu/12.3.0/lto-wrapper] ==> ignore
    arg [-plugin-opt=-fresolution=/tmp/ccL2xe6B.res] ==> ignore
    arg [-plugin-opt=-pass-through=-lgcc] ==> ignore
    arg [-plugin-opt=-pass-through=-lgcc_s] ==> ignore
    arg [-plugin-opt=-pass-through=-lc] ==> ignore
    arg [-plugin-opt=-pass-through=-lgcc] ==> ignore
    arg [-plugin-opt=-pass-through=-lgcc_s] ==> ignore
    arg [--sysroot=/home/dinupa/mambaforge/envs/geant4-playground/bin/../x86_64-conda-linux-gnu/sysroot] ==> ignore
    arg [--eh-frame-hdr] ==> ignore
    arg [-m] ==> ignore
    arg [elf_x86_64] ==> ignore
    arg [-dynamic-linker] ==> ignore
    arg [/lib64/ld-linux-x86-64.so.2] ==> ignore
    arg [-pie] ==> ignore
    arg [-o] ==> ignore
    arg [cmTC_706d2] ==> ignore
    arg [/home/dinupa/mambaforge/envs/geant4-playground/bin/../x86_64-conda-linux-gnu/sysroot/usr/lib/../lib/Scrt1.o] ==> obj [/home/dinupa/mambaforge/envs/geant4-playground/bin/../x86_64-conda-linux-gnu/sysroot/usr/lib/../lib/Scrt1.o]
    arg [/home/dinupa/mambaforge/envs/geant4-playground/bin/../x86_64-conda-linux-gnu/sysroot/usr/lib/../lib/crti.o] ==> obj [/home/dinupa/mambaforge/envs/geant4-playground/bin/../x86_64-conda-linux-gnu/sysroot/usr/lib/../lib/crti.o]
    arg [/home/dinupa/mambaforge/envs/geant4-playground/bin/../lib/gcc/x86_64-conda-linux-gnu/12.3.0/crtbeginS.o] ==> obj [/home/dinupa/mambaforge/envs/geant4-playground/bin/../lib/gcc/x86_64-conda-linux-gnu/12.3.0/crtbeginS.o]
    arg [-L/home/dinupa/mambaforge/envs/geant4-playground/lib] ==> dir [/home/dinupa/mambaforge/envs/geant4-playground/lib]
    arg [-L/home/dinupa/mambaforge/envs/geant4-playground/bin/../lib/gcc/x86_64-conda-linux-gnu/12.3.0] ==> dir [/home/dinupa/mambaforge/envs/geant4-playground/bin/../lib/gcc/x86_64-conda-linux-gnu/12.3.0]
    arg [-L/home/dinupa/mambaforge/envs/geant4-playground/bin/../lib/gcc] ==> dir [/home/dinupa/mambaforge/envs/geant4-playground/bin/../lib/gcc]
    arg [-L/home/dinupa/mambaforge/envs/geant4-playground/bin/../lib/gcc/x86_64-conda-linux-gnu/12.3.0/../../../../x86_64-conda-linux-gnu/lib/../lib] ==> dir [/home/dinupa/mambaforge/envs/geant4-playground/bin/../lib/gcc/x86_64-conda-linux-gnu/12.3.0/../../../../x86_64-conda-linux-gnu/lib/../lib]
    arg [-L/home/dinupa/mambaforge/envs/geant4-playground/bin/../lib/gcc/x86_64-conda-linux-gnu/12.3.0/../../../../lib] ==> dir [/home/dinupa/mambaforge/envs/geant4-playground/bin/../lib/gcc/x86_64-conda-linux-gnu/12.3.0/../../../../lib]
    arg [-L/home/dinupa/mambaforge/envs/geant4-playground/bin/../x86_64-conda-linux-gnu/sysroot/lib/../lib] ==> dir [/home/dinupa/mambaforge/envs/geant4-playground/bin/../x86_64-conda-linux-gnu/sysroot/lib/../lib]
    arg [-L/home/dinupa/mambaforge/envs/geant4-playground/bin/../x86_64-conda-linux-gnu/sysroot/usr/lib/../lib] ==> dir [/home/dinupa/mambaforge/envs/geant4-playground/bin/../x86_64-conda-linux-gnu/sysroot/usr/lib/../lib]
    arg [-L/home/dinupa/mambaforge/envs/geant4-playground/bin/../lib/gcc/x86_64-conda-linux-gnu/12.3.0/../../../../x86_64-conda-linux-gnu/lib] ==> dir [/home/dinupa/mambaforge/envs/geant4-playground/bin/../lib/gcc/x86_64-conda-linux-gnu/12.3.0/../../../../x86_64-conda-linux-gnu/lib]
    arg [-L/home/dinupa/mambaforge/envs/geant4-playground/bin/../lib/gcc/x86_64-conda-linux-gnu/12.3.0/../../..] ==> dir [/home/dinupa/mambaforge/envs/geant4-playground/bin/../lib/gcc/x86_64-conda-linux-gnu/12.3.0/../../..]
    arg [-L/home/dinupa/mambaforge/envs/geant4-playground/bin/../x86_64-conda-linux-gnu/sysroot/lib] ==> dir [/home/dinupa/mambaforge/envs/geant4-playground/bin/../x86_64-conda-linux-gnu/sysroot/lib]
    arg [-L/home/dinupa/mambaforge/envs/geant4-playground/bin/../x86_64-conda-linux-gnu/sysroot/usr/lib] ==> dir [/home/dinupa/mambaforge/envs/geant4-playground/bin/../x86_64-conda-linux-gnu/sysroot/usr/lib]
    arg [-O2] ==> ignore
    arg [--sort-common] ==> ignore
    arg [--as-needed] ==> ignore
    arg [-zrelro] ==> ignore
    arg [-znow] ==> ignore
    arg [--disable-new-dtags] ==> ignore
    arg [--gc-sections] ==> ignore
    arg [--allow-shlib-undefined] ==> ignore
    arg [-rpath] ==> ignore
    arg [/home/dinupa/mambaforge/envs/geant4-playground/lib] ==> ignore
    arg [-rpath-link] ==> ignore
    arg [/home/dinupa/mambaforge/envs/geant4-playground/lib] ==> ignore
    arg [CMakeFiles/cmTC_706d2.dir/CMakeCCompilerABI.c.o] ==> ignore
    arg [-lgcc] ==> lib [gcc]
    arg [--push-state] ==> ignore
    arg [--as-needed] ==> ignore
    arg [-lgcc_s] ==> lib [gcc_s]
    arg [--pop-state] ==> ignore
    arg [-lc] ==> lib [c]
    arg [-lgcc] ==> lib [gcc]
    arg [--push-state] ==> ignore
    arg [--as-needed] ==> ignore
    arg [-lgcc_s] ==> lib [gcc_s]
    arg [--pop-state] ==> ignore
    arg [/home/dinupa/mambaforge/envs/geant4-playground/bin/../lib/gcc/x86_64-conda-linux-gnu/12.3.0/crtendS.o] ==> obj [/home/dinupa/mambaforge/envs/geant4-playground/bin/../lib/gcc/x86_64-conda-linux-gnu/12.3.0/crtendS.o]
    arg [/home/dinupa/mambaforge/envs/geant4-playground/bin/../x86_64-conda-linux-gnu/sysroot/usr/lib/../lib/crtn.o] ==> obj [/home/dinupa/mambaforge/envs/geant4-playground/bin/../x86_64-conda-linux-gnu/sysroot/usr/lib/../lib/crtn.o]
    arg [-rpath] ==> ignore
    arg [/home/dinupa/mambaforge/envs/geant4-playground/lib] ==> ignore
  collapse obj [/home/dinupa/mambaforge/envs/geant4-playground/bin/../x86_64-conda-linux-gnu/sysroot/usr/lib/../lib/Scrt1.o] ==> [/home/dinupa/mambaforge/envs/geant4-playground/x86_64-conda-linux-gnu/sysroot/usr/lib/Scrt1.o]
  collapse obj [/home/dinupa/mambaforge/envs/geant4-playground/bin/../x86_64-conda-linux-gnu/sysroot/usr/lib/../lib/crti.o] ==> [/home/dinupa/mambaforge/envs/geant4-playground/x86_64-conda-linux-gnu/sysroot/usr/lib/crti.o]
  collapse obj [/home/dinupa/mambaforge/envs/geant4-playground/bin/../lib/gcc/x86_64-conda-linux-gnu/12.3.0/crtbeginS.o] ==> [/home/dinupa/mambaforge/envs/geant4-playground/lib/gcc/x86_64-conda-linux-gnu/12.3.0/crtbeginS.o]
  collapse obj [/home/dinupa/mambaforge/envs/geant4-playground/bin/../lib/gcc/x86_64-conda-linux-gnu/12.3.0/crtendS.o] ==> [/home/dinupa/mambaforge/envs/geant4-playground/lib/gcc/x86_64-conda-linux-gnu/12.3.0/crtendS.o]
  collapse obj [/home/dinupa/mambaforge/envs/geant4-playground/bin/../x86_64-conda-linux-gnu/sysroot/usr/lib/../lib/crtn.o] ==> [/home/dinupa/mambaforge/envs/geant4-playground/x86_64-conda-linux-gnu/sysroot/usr/lib/crtn.o]
  collapse library dir [/home/dinupa/mambaforge/envs/geant4-playground/lib] ==> [/home/dinupa/mambaforge/envs/geant4-playground/lib]
  collapse library dir [/home/dinupa/mambaforge/envs/geant4-playground/bin/../lib/gcc/x86_64-conda-linux-gnu/12.3.0] ==> [/home/dinupa/mambaforge/envs/geant4-playground/lib/gcc/x86_64-conda-linux-gnu/12.3.0]
  collapse library dir [/home/dinupa/mambaforge/envs/geant4-playground/bin/../lib/gcc] ==> [/home/dinupa/mambaforge/envs/geant4-playground/lib/gcc]
  collapse library dir [/home/dinupa/mambaforge/envs/geant4-playground/bin/../lib/gcc/x86_64-conda-linux-gnu/12.3.0/../../../../x86_64-conda-linux-gnu/lib/../lib] ==> [/home/dinupa/mambaforge/envs/geant4-playground/x86_64-conda-linux-gnu/lib]
  collapse library dir [/home/dinupa/mambaforge/envs/geant4-playground/bin/../lib/gcc/x86_64-conda-linux-gnu/12.3.0/../../../../lib] ==> [/home/dinupa/mambaforge/envs/geant4-playground/lib]
  collapse library dir [/home/dinupa/mambaforge/envs/geant4-playground/bin/../x86_64-conda-linux-gnu/sysroot/lib/../lib] ==> [/home/dinupa/mambaforge/envs/geant4-playground/x86_64-conda-linux-gnu/sysroot/lib]
  collapse library dir [/home/dinupa/mambaforge/envs/geant4-playground/bin/../x86_64-conda-linux-gnu/sysroot/usr/lib/../lib] ==> [/home/dinupa/mambaforge/envs/geant4-playground/x86_64-conda-linux-gnu/sysroot/usr/lib]
  collapse library dir [/home/dinupa/mambaforge/envs/geant4-playground/bin/../lib/gcc/x86_64-conda-linux-gnu/12.3.0/../../../../x86_64-conda-linux-gnu/lib] ==> [/home/dinupa/mambaforge/envs/geant4-playground/x86_64-conda-linux-gnu/lib]
  collapse library dir [/home/dinupa/mambaforge/envs/geant4-playground/bin/../lib/gcc/x86_64-conda-linux-gnu/12.3.0/../../..] ==> [/home/dinupa/mambaforge/envs/geant4-playground/lib]
  collapse library dir [/home/dinupa/mambaforge/envs/geant4-playground/bin/../x86_64-conda-linux-gnu/sysroot/lib] ==> [/home/dinupa/mambaforge/envs/geant4-playground/x86_64-conda-linux-gnu/sysroot/lib]
  collapse library dir [/home/dinupa/mambaforge/envs/geant4-playground/bin/../x86_64-conda-linux-gnu/sysroot/usr/lib] ==> [/home/dinupa/mambaforge/envs/geant4-playground/x86_64-conda-linux-gnu/sysroot/usr/lib]
  implicit libs: [gcc;gcc_s;c;gcc;gcc_s]
  implicit objs: [/home/dinupa/mambaforge/envs/geant4-playground/x86_64-conda-linux-gnu/sysroot/usr/lib/Scrt1.o;/home/dinupa/mambaforge/envs/geant4-playground/x86_64-conda-linux-gnu/sysroot/usr/lib/crti.o;/home/dinupa/mambaforge/envs/geant4-playground/lib/gcc/x86_64-conda-linux-gnu/12.3.0/crtbeginS.o;/home/dinupa/mambaforge/envs/geant4-playground/lib/gcc/x86_64-conda-linux-gnu/12.3.0/crtendS.o;/home/dinupa/mambaforge/envs/geant4-playground/x86_64-conda-linux-gnu/sysroot/usr/lib/crtn.o]
  implicit dirs: [/home/dinupa/mambaforge/envs/geant4-playground/lib;/home/dinupa/mambaforge/envs/geant4-playground/lib/gcc/x86_64-conda-linux-gnu/12.3.0;/home/dinupa/mambaforge/envs/geant4-playground/lib/gcc;/home/dinupa/mambaforge/envs/geant4-playground/x86_64-conda-linux-gnu/lib;/home/dinupa/mambaforge/envs/geant4-playground/x86_64-conda-linux-gnu/sysroot/lib;/home/dinupa/mambaforge/envs/geant4-playground/x86_64-conda-linux-gnu/sysroot/usr/lib]
  implicit fwks: []


Detecting CXX compiler ABI info compiled with the following output:
Change Dir: /home/dinupa/geant4-playground/B4/B4a/build/CMakeFiles/CMakeScratch/TryCompile-C8oBjs

Run Build Command(s):/usr/bin/gmake -f Makefile cmTC_96e0e/fast && /usr/bin/gmake  -f CMakeFiles/cmTC_96e0e.dir/build.make CMakeFiles/cmTC_96e0e.dir/build
gmake[1]: Entering directory '/home/dinupa/geant4-playground/B4/B4a/build/CMakeFiles/CMakeScratch/TryCompile-C8oBjs'
Building CXX object CMakeFiles/cmTC_96e0e.dir/CMakeCXXCompilerABI.cpp.o
/home/dinupa/mambaforge/envs/geant4-playground/bin/x86_64-conda-linux-gnu-c++   -fvisibility-inlines-hidden -fmessage-length=0 -march=nocona -mtune=haswell -ftree-vectorize -fPIC -fstack-protector-strong -fno-plt -O2 -ffunction-sections -pipe -isystem /home/dinupa/mambaforge/envs/geant4-playground/include    -v -o CMakeFiles/cmTC_96e0e.dir/CMakeCXXCompilerABI.cpp.o -c /usr/share/cmake-3.25/Modules/CMakeCXXCompilerABI.cpp
Reading specs from /home/dinupa/mambaforge/envs/geant4-playground/bin/../lib/gcc/x86_64-conda-linux-gnu/12.3.0/specs
could not find specs file conda.specs
COLLECT_GCC=/home/dinupa/mambaforge/envs/geant4-playground/bin/x86_64-conda-linux-gnu-c++
Target: x86_64-conda-linux-gnu
Configured with: ../configure --prefix=/home/conda/feedstock_root/build_artifacts/gcc_compilers_1685813973314/_h_env_placehold_placehold_placehold_placehold_placehold_placehold_placehold_placehold_placehold_placehold_placehold_placehold_placehold_placehold_placehold_placehold_placehold_placeho --with-slibdir=/home/conda/feedstock_root/build_artifacts/gcc_compilers_1685813973314/_h_env_placehold_placehold_placehold_placehold_placehold_placehold_placehold_placehold_placehold_placehold_placehold_placehold_placehold_placehold_placehold_placehold_placehold_placeho/lib --libdir=/home/conda/feedstock_root/build_artifacts/gcc_compilers_1685813973314/_h_env_placehold_placehold_placehold_placehold_placehold_placehold_placehold_placehold_placehold_placehold_placehold_placehold_placehold_placehold_placehold_placehold_placehold_placeho/lib --mandir=/home/conda/feedstock_root/build_artifacts/gcc_compilers_1685813973314/_h_env_placehold_placehold_placehold_placehold_placehold_placehold_placehold_placehold_placehold_placehold_placehold_placehold_placehold_placehold_placehold_placehold_placehold_placeho/man --build=x86_64-conda-linux-gnu --host=x86_64-conda-linux-gnu --target=x86_64-conda-linux-gnu --enable-default-pie --enable-languages=c,c++,fortran,objc,obj-c++ --enable-__cxa_atexit --disable-libmudflap --enable-libgomp --disable-libssp --enable-libquadmath --enable-libquadmath-support --enable-libsanitizer --enable-lto --enable-threads=posix --enable-target-optspace --enable-plugin --enable-gold --disable-nls --disable-bootstrap --disable-multilib --enable-long-long --with-sysroot=/home/conda/feedstock_root/build_artifacts/gcc_compilers_1685813973314/_h_env_placehold_placehold_placehold_placehold_placehold_placehold_placehold_placehold_placehold_placehold_placehold_placehold_placehold_placehold_placehold_placehold_placehold_placeho/x86_64-conda-linux-gnu/sysroot --with-build-sysroot=/home/conda/feedstock_root/build_artifacts/gcc_compilers_1685813973314/_build_env/x86_64-conda-linux-gnu/sysroot --with-gxx-include-dir=/home/conda/feedstock_root/build_artifacts/gcc_compilers_1685813973314/_h_env_placehold_placehold_placehold_placehold_placehold_placehold_placehold_placehold_placehold_placehold_placehold_placehold_placehold_placehold_placehold_placehold_placehold_placeho/x86_64-conda-linux-gnu/include/c++/12.3.0 --with-pkgversion='conda-forge gcc 12.3.0-0' --with-bugurl=https://github.com/conda-forge/ctng-compilers-feedstock/issues/new/choose
Thread model: posix
Supported LTO compression algorithms: zlib
gcc version 12.3.0 (conda-forge gcc 12.3.0-0) 
COLLECT_GCC_OPTIONS='-fvisibility-inlines-hidden' '-fmessage-length=0' '-march=nocona' '-mtune=haswell' '-ftree-vectorize' '-fPIC' '-fstack-protector-strong' '-fno-plt' '-O2' '-ffunction-sections' '-pipe' '-isystem' '/home/dinupa/mambaforge/envs/geant4-playground/include' '-v' '-o' 'CMakeFiles/cmTC_96e0e.dir/CMakeCXXCompilerABI.cpp.o' '-c' '-shared-libgcc' '-dumpdir' 'CMakeFiles/cmTC_96e0e.dir/'
 /home/dinupa/mambaforge/envs/geant4-playground/bin/../libexec/gcc/x86_64-conda-linux-gnu/12.3.0/cc1plus -quiet -v -iprefix /home/dinupa/mambaforge/envs/geant4-playground/bin/../lib/gcc/x86_64-conda-linux-gnu/12.3.0/ -isysroot /home/dinupa/mambaforge/envs/geant4-playground/bin/../x86_64-conda-linux-gnu/sysroot -D_GNU_SOURCE -isystem /home/dinupa/mambaforge/envs/geant4-playground/include /usr/share/cmake-3.25/Modules/CMakeCXXCompilerABI.cpp -quiet -dumpdir CMakeFiles/cmTC_96e0e.dir/ -dumpbase CMakeCXXCompilerABI.cpp.cpp -dumpbase-ext .cpp -march=nocona -mtune=haswell -O2 -version -fvisibility-inlines-hidden -fmessage-length=0 -ftree-vectorize -fPIC -fstack-protector-strong -fno-plt -ffunction-sections -o - |
 /home/dinupa/mambaforge/envs/geant4-playground/bin/../lib/gcc/x86_64-conda-linux-gnu/12.3.0/../../../../x86_64-conda-linux-gnu/bin/as -v --64 -o CMakeFiles/cmTC_96e0e.dir/CMakeCXXCompilerABI.cpp.o
GNU assembler version 2.40 (x86_64-conda-linux-gnu) using BFD version (GNU Binutils) 2.40
GNU C++17 (conda-forge gcc 12.3.0-0) version 12.3.0 (x86_64-conda-linux-gnu)
	compiled by GNU C version 12.2.0, GMP version 6.2.1, MPFR version 4.1.0, MPC version 1.2.1, isl version isl-0.24-GMP

GGC heuristics: --param ggc-min-expand=100 --param ggc-min-heapsize=131072
ignoring duplicate directory "/home/dinupa/mambaforge/envs/geant4-playground/bin/../lib/gcc/../../lib/gcc/x86_64-conda-linux-gnu/12.3.0/include"
ignoring nonexistent directory "/home/dinupa/mambaforge/envs/geant4-playground/bin/../x86_64-conda-linux-gnu/sysroot/usr/local/include"
ignoring duplicate directory "/home/dinupa/mambaforge/envs/geant4-playground/bin/../lib/gcc/../../lib/gcc/x86_64-conda-linux-gnu/12.3.0/include-fixed"
ignoring duplicate directory "/home/dinupa/mambaforge/envs/geant4-playground/bin/../lib/gcc/../../lib/gcc/x86_64-conda-linux-gnu/12.3.0/../../../../x86_64-conda-linux-gnu/include"
#include "..." search starts here:
#include <...> search starts here:
 /home/dinupa/mambaforge/envs/geant4-playground/include
 /home/dinupa/mambaforge/envs/geant4-playground/bin/../lib/gcc/x86_64-conda-linux-gnu/12.3.0/include
 /home/dinupa/mambaforge/envs/geant4-playground/bin/../lib/gcc/x86_64-conda-linux-gnu/12.3.0/include-fixed
 /home/dinupa/mambaforge/envs/geant4-playground/bin/../lib/gcc/x86_64-conda-linux-gnu/12.3.0/../../../../x86_64-conda-linux-gnu/include
 /home/dinupa/mambaforge/envs/geant4-playground/bin/../lib/gcc/../../x86_64-conda-linux-gnu/include/c++/12.3.0
 /home/dinupa/mambaforge/envs/geant4-playground/bin/../lib/gcc/../../x86_64-conda-linux-gnu/include/c++/12.3.0/x86_64-conda-linux-gnu
 /home/dinupa/mambaforge/envs/geant4-playground/bin/../lib/gcc/../../x86_64-conda-linux-gnu/include/c++/12.3.0/backward
 /home/dinupa/mambaforge/envs/geant4-playground/bin/../x86_64-conda-linux-gnu/sysroot/usr/include
End of search list.
GNU C++17 (conda-forge gcc 12.3.0-0) version 12.3.0 (x86_64-conda-linux-gnu)
	compiled by GNU C version 12.2.0, GMP version 6.2.1, MPFR version 4.1.0, MPC version 1.2.1, isl version isl-0.24-GMP

GGC heuristics: --param ggc-min-expand=100 --param ggc-min-heapsize=131072
Compiler executable checksum: 4e1030485dc8b1babd734aed6750bd94
COMPILER_PATH=/home/dinupa/mambaforge/envs/geant4-playground/bin/../libexec/gcc/x86_64-conda-linux-gnu/12.3.0/:/home/dinupa/mambaforge/envs/geant4-playground/bin/../libexec/gcc/:/home/dinupa/mambaforge/envs/geant4-playground/bin/../lib/gcc/x86_64-conda-linux-gnu/12.3.0/../../../../x86_64-conda-linux-gnu/bin/
LIBRARY_PATH=/home/dinupa/mambaforge/envs/geant4-playground/bin/../lib/gcc/x86_64-conda-linux-gnu/12.3.0/:/home/dinupa/mambaforge/envs/geant4-playground/bin/../lib/gcc/:/home/dinupa/mambaforge/envs/geant4-playground/bin/../lib/gcc/x86_64-conda-linux-gnu/12.3.0/../../../../x86_64-conda-linux-gnu/lib/../lib/:/home/dinupa/mambaforge/envs/geant4-playground/bin/../lib/gcc/x86_64-conda-linux-gnu/12.3.0/../../../../lib/:/home/dinupa/mambaforge/envs/geant4-playground/bin/../x86_64-conda-linux-gnu/sysroot/lib/../lib/:/home/dinupa/mambaforge/envs/geant4-playground/bin/../x86_64-conda-linux-gnu/sysroot/usr/lib/../lib/:/home/dinupa/mambaforge/envs/geant4-playground/bin/../lib/gcc/x86_64-conda-linux-gnu/12.3.0/../../../../x86_64-conda-linux-gnu/lib/:/home/dinupa/mambaforge/envs/geant4-playground/bin/../lib/gcc/x86_64-conda-linux-gnu/12.3.0/../../../:/home/dinupa/mambaforge/envs/geant4-playground/bin/../x86_64-conda-linux-gnu/sysroot/lib/:/home/dinupa/mambaforge/envs/geant4-playground/bin/../x86_64-conda-linux-gnu/sysroot/usr/lib/
COLLECT_GCC_OPTIONS='-fvisibility-inlines-hidden' '-fmessage-length=0' '-march=nocona' '-mtune=haswell' '-ftree-vectorize' '-fPIC' '-fstack-protector-strong' '-fno-plt' '-O2' '-ffunction-sections' '-pipe' '-isystem' '/home/dinupa/mambaforge/envs/geant4-playground/include' '-v' '-o' 'CMakeFiles/cmTC_96e0e.dir/CMakeCXXCompilerABI.cpp.o' '-c' '-shared-libgcc' '-dumpdir' 'CMakeFiles/cmTC_96e0e.dir/CMakeCXXCompilerABI.cpp.'
Linking CXX executable cmTC_96e0e
/usr/bin/cmake -E cmake_link_script CMakeFiles/cmTC_96e0e.dir/link.txt --verbose=1
/home/dinupa/mambaforge/envs/geant4-playground/bin/x86_64-conda-linux-gnu-c++ -fvisibility-inlines-hidden -fmessage-length=0 -march=nocona -mtune=haswell -ftree-vectorize -fPIC -fstack-protector-strong -fno-plt -O2 -ffunction-sections -pipe -isystem /home/dinupa/mambaforge/envs/geant4-playground/include  -Wl,-O2 -Wl,--sort-common -Wl,--as-needed -Wl,-z,relro -Wl,-z,now -Wl,--disable-new-dtags -Wl,--gc-sections -Wl,--allow-shlib-undefined -Wl,-rpath,/home/dinupa/mambaforge/envs/geant4-playground/lib -Wl,-rpath-link,/home/dinupa/mambaforge/envs/geant4-playground/lib -L/home/dinupa/mambaforge/envs/geant4-playground/lib -v CMakeFiles/cmTC_96e0e.dir/CMakeCXXCompilerABI.cpp.o -o cmTC_96e0e 
Reading specs from /home/dinupa/mambaforge/envs/geant4-playground/bin/../lib/gcc/x86_64-conda-linux-gnu/12.3.0/specs
could not find specs file conda.specs
COLLECT_GCC=/home/dinupa/mambaforge/envs/geant4-playground/bin/x86_64-conda-linux-gnu-c++
COLLECT_LTO_WRAPPER=/home/dinupa/mambaforge/envs/geant4-playground/bin/../libexec/gcc/x86_64-conda-linux-gnu/12.3.0/lto-wrapper
Target: x86_64-conda-linux-gnu
Configured with: ../configure --prefix=/home/conda/feedstock_root/build_artifacts/gcc_compilers_1685813973314/_h_env_placehold_placehold_placehold_placehold_placehold_placehold_placehold_placehold_placehold_placehold_placehold_placehold_placehold_placehold_placehold_placehold_placehold_placeho --with-slibdir=/home/conda/feedstock_root/build_artifacts/gcc_compilers_1685813973314/_h_env_placehold_placehold_placehold_placehold_placehold_placehold_placehold_placehold_placehold_placehold_placehold_placehold_placehold_placehold_placehold_placehold_placehold_placeho/lib --libdir=/home/conda/feedstock_root/build_artifacts/gcc_compilers_1685813973314/_h_env_placehold_placehold_placehold_placehold_placehold_placehold_placehold_placehold_placehold_placehold_placehold_placehold_placehold_placehold_placehold_placehold_placehold_placeho/lib --mandir=/home/conda/feedstock_root/build_artifacts/gcc_compilers_1685813973314/_h_env_placehold_placehold_placehold_placehold_placehold_placehold_placehold_placehold_placehold_placehold_placehold_placehold_placehold_placehold_placehold_placehold_placehold_placeho/man --build=x86_64-conda-linux-gnu --host=x86_64-conda-linux-gnu --target=x86_64-conda-linux-gnu --enable-default-pie --enable-languages=c,c++,fortran,objc,obj-c++ --enable-__cxa_atexit --disable-libmudflap --enable-libgomp --disable-libssp --enable-libquadmath --enable-libquadmath-support --enable-libsanitizer --enable-lto --enable-threads=posix --enable-target-optspace --enable-plugin --enable-gold --disable-nls --disable-bootstrap --disable-multilib --enable-long-long --with-sysroot=/home/conda/feedstock_root/build_artifacts/gcc_compilers_1685813973314/_h_env_placehold_placehold_placehold_placehold_placehold_placehold_placehold_placehold_placehold_placehold_placehold_placehold_placehold_placehold_placehold_placehold_placehold_placeho/x86_64-conda-linux-gnu/sysroot --with-build-sysroot=/home/conda/feedstock_root/build_artifacts/gcc_compilers_1685813973314/_build_env/x86_64-conda-linux-gnu/sysroot --with-gxx-include-dir=/home/conda/feedstock_root/build_artifacts/gcc_compilers_1685813973314/_h_env_placehold_placehold_placehold_placehold_placehold_placehold_placehold_placehold_placehold_placehold_placehold_placehold_placehold_placehold_placehold_placehold_placehold_placeho/x86_64-conda-linux-gnu/include/c++/12.3.0 --with-pkgversion='conda-forge gcc 12.3.0-0' --with-bugurl=https://github.com/conda-forge/ctng-compilers-feedstock/issues/new/choose
Thread model: posix
Supported LTO compression algorithms: zlib
gcc version 12.3.0 (conda-forge gcc 12.3.0-0) 
COMPILER_PATH=/home/dinupa/mambaforge/envs/geant4-playground/bin/../libexec/gcc/x86_64-conda-linux-gnu/12.3.0/:/home/dinupa/mambaforge/envs/geant4-playground/bin/../libexec/gcc/:/home/dinupa/mambaforge/envs/geant4-playground/bin/../lib/gcc/x86_64-conda-linux-gnu/12.3.0/../../../../x86_64-conda-linux-gnu/bin/
LIBRARY_PATH=/home/dinupa/mambaforge/envs/geant4-playground/bin/../lib/gcc/x86_64-conda-linux-gnu/12.3.0/:/home/dinupa/mambaforge/envs/geant4-playground/bin/../lib/gcc/:/home/dinupa/mambaforge/envs/geant4-playground/bin/../lib/gcc/x86_64-conda-linux-gnu/12.3.0/../../../../x86_64-conda-linux-gnu/lib/../lib/:/home/dinupa/mambaforge/envs/geant4-playground/bin/../lib/gcc/x86_64-conda-linux-gnu/12.3.0/../../../../lib/:/home/dinupa/mambaforge/envs/geant4-playground/bin/../x86_64-conda-linux-gnu/sysroot/lib/../lib/:/home/dinupa/mambaforge/envs/geant4-playground/bin/../x86_64-conda-linux-gnu/sysroot/usr/lib/../lib/:/home/dinupa/mambaforge/envs/geant4-playground/bin/../lib/gcc/x86_64-conda-linux-gnu/12.3.0/../../../../x86_64-conda-linux-gnu/lib/:/home/dinupa/mambaforge/envs/geant4-playground/bin/../lib/gcc/x86_64-conda-linux-gnu/12.3.0/../../../:/home/dinupa/mambaforge/envs/geant4-playground/bin/../x86_64-conda-linux-gnu/sysroot/lib/:/home/dinupa/mambaforge/envs/geant4-playground/bin/../x86_64-conda-linux-gnu/sysroot/usr/lib/
COLLECT_GCC_OPTIONS='-fvisibility-inlines-hidden' '-fmessage-length=0' '-march=nocona' '-mtune=haswell' '-ftree-vectorize' '-fPIC' '-fstack-protector-strong' '-fno-plt' '-O2' '-ffunction-sections' '-pipe' '-isystem' '/home/dinupa/mambaforge/envs/geant4-playground/include' '-L/home/dinupa/mambaforge/envs/geant4-playground/lib' '-v' '-o' 'cmTC_96e0e' '-shared-libgcc' '-dumpdir' 'cmTC_96e0e.'
 /home/dinupa/mambaforge/envs/geant4-playground/bin/../libexec/gcc/x86_64-conda-linux-gnu/12.3.0/collect2 -plugin /home/dinupa/mambaforge/envs/geant4-playground/bin/../libexec/gcc/x86_64-conda-linux-gnu/12.3.0/liblto_plugin.so -plugin-opt=/home/dinupa/mambaforge/envs/geant4-playground/bin/../libexec/gcc/x86_64-conda-linux-gnu/12.3.0/lto-wrapper -plugin-opt=-fresolution=/tmp/cc4cVjLs.res -plugin-opt=-pass-through=-lgcc_s -plugin-opt=-pass-through=-lgcc -plugin-opt=-pass-through=-lc -plugin-opt=-pass-through=-lgcc_s -plugin-opt=-pass-through=-lgcc --sysroot=/home/dinupa/mambaforge/envs/geant4-playground/bin/../x86_64-conda-linux-gnu/sysroot --eh-frame-hdr -m elf_x86_64 -dynamic-linker /lib64/ld-linux-x86-64.so.2 -pie -o cmTC_96e0e /home/dinupa/mambaforge/envs/geant4-playground/bin/../x86_64-conda-linux-gnu/sysroot/usr/lib/../lib/Scrt1.o /home/dinupa/mambaforge/envs/geant4-playground/bin/../x86_64-conda-linux-gnu/sysroot/usr/lib/../lib/crti.o /home/dinupa/mambaforge/envs/geant4-playground/bin/../lib/gcc/x86_64-conda-linux-gnu/12.3.0/crtbeginS.o -L/home/dinupa/mambaforge/envs/geant4-playground/lib -L/home/dinupa/mambaforge/envs/geant4-playground/bin/../lib/gcc/x86_64-conda-linux-gnu/12.3.0 -L/home/dinupa/mambaforge/envs/geant4-playground/bin/../lib/gcc -L/home/dinupa/mambaforge/envs/geant4-playground/bin/../lib/gcc/x86_64-conda-linux-gnu/12.3.0/../../../../x86_64-conda-linux-gnu/lib/../lib -L/home/dinupa/mambaforge/envs/geant4-playground/bin/../lib/gcc/x86_64-conda-linux-gnu/12.3.0/../../../../lib -L/home/dinupa/mambaforge/envs/geant4-playground/bin/../x86_64-conda-linux-gnu/sysroot/lib/../lib -L/home/dinupa/mambaforge/envs/geant4-playground/bin/../x86_64-conda-linux-gnu/sysroot/usr/lib/../lib -L/home/dinupa/mambaforge/envs/geant4-playground/bin/../lib/gcc/x86_64-conda-linux-gnu/12.3.0/../../../../x86_64-conda-linux-gnu/lib -L/home/dinupa/mambaforge/envs/geant4-playground/bin/../lib/gcc/x86_64-conda-linux-gnu/12.3.0/../../.. -L/home/dinupa/mambaforge/envs/geant4-playground/bin/../x86_64-conda-linux-gnu/sysroot/lib -L/home/dinupa/mambaforge/envs/geant4-playground/bin/../x86_64-conda-linux-gnu/sysroot/usr/lib -O2 --sort-common --as-needed -z relro -z now --disable-new-dtags --gc-sections --allow-shlib-undefined -rpath /home/dinupa/mambaforge/envs/geant4-playground/lib -rpath-link /home/dinupa/mambaforge/envs/geant4-playground/lib CMakeFiles/cmTC_96e0e.dir/CMakeCXXCompilerABI.cpp.o -lstdc++ -lm -lgcc_s -lgcc -lc -lgcc_s -lgcc /home/dinupa/mambaforge/envs/geant4-playground/bin/../lib/gcc/x86_64-conda-linux-gnu/12.3.0/crtendS.o /home/dinupa/mambaforge/envs/geant4-playground/bin/../x86_64-conda-linux-gnu/sysroot/usr/lib/../lib/crtn.o -rpath /home/dinupa/mambaforge/envs/geant4-playground/lib
COLLECT_GCC_OPTIONS='-fvisibility-inlines-hidden' '-fmessage-length=0' '-march=nocona' '-mtune=haswell' '-ftree-vectorize' '-fPIC' '-fstack-protector-strong' '-fno-plt' '-O2' '-ffunction-sections' '-pipe' '-isystem' '/home/dinupa/mambaforge/envs/geant4-playground/include' '-L/home/dinupa/mambaforge/envs/geant4-playground/lib' '-v' '-o' 'cmTC_96e0e' '-shared-libgcc' '-dumpdir' 'cmTC_96e0e.'
gmake[1]: Leaving directory '/home/dinupa/geant4-playground/B4/B4a/build/CMakeFiles/CMakeScratch/TryCompile-C8oBjs'



Parsed CXX implicit include dir info from above output: rv=done
  found start of include info
  found start of implicit include info
    add: [/home/dinupa/mambaforge/envs/geant4-playground/include]
    add: [/home/dinupa/mambaforge/envs/geant4-playground/bin/../lib/gcc/x86_64-conda-linux-gnu/12.3.0/include]
    add: [/home/dinupa/mambaforge/envs/geant4-playground/bin/../lib/gcc/x86_64-conda-linux-gnu/12.3.0/include-fixed]
    add: [/home/dinupa/mambaforge/envs/geant4-playground/bin/../lib/gcc/x86_64-conda-linux-gnu/12.3.0/../../../../x86_64-conda-linux-gnu/include]
    add: [/home/dinupa/mambaforge/envs/geant4-playground/bin/../lib/gcc/../../x86_64-conda-linux-gnu/include/c++/12.3.0]
    add: [/home/dinupa/mambaforge/envs/geant4-playground/bin/../lib/gcc/../../x86_64-conda-linux-gnu/include/c++/12.3.0/x86_64-conda-linux-gnu]
    add: [/home/dinupa/mambaforge/envs/geant4-playground/bin/../lib/gcc/../../x86_64-conda-linux-gnu/include/c++/12.3.0/backward]
    add: [/home/dinupa/mambaforge/envs/geant4-playground/bin/../x86_64-conda-linux-gnu/sysroot/usr/include]
  end of search list found
  collapse include dir [/home/dinupa/mambaforge/envs/geant4-playground/include] ==> [/home/dinupa/mambaforge/envs/geant4-playground/include]
  collapse include dir [/home/dinupa/mambaforge/envs/geant4-playground/bin/../lib/gcc/x86_64-conda-linux-gnu/12.3.0/include] ==> [/home/dinupa/mambaforge/envs/geant4-playground/lib/gcc/x86_64-conda-linux-gnu/12.3.0/include]
  collapse include dir [/home/dinupa/mambaforge/envs/geant4-playground/bin/../lib/gcc/x86_64-conda-linux-gnu/12.3.0/include-fixed] ==> [/home/dinupa/mambaforge/envs/geant4-playground/lib/gcc/x86_64-conda-linux-gnu/12.3.0/include-fixed]
  collapse include dir [/home/dinupa/mambaforge/envs/geant4-playground/bin/../lib/gcc/x86_64-conda-linux-gnu/12.3.0/../../../../x86_64-conda-linux-gnu/include] ==> [/home/dinupa/mambaforge/envs/geant4-playground/x86_64-conda-linux-gnu/include]
  collapse include dir [/home/dinupa/mambaforge/envs/geant4-playground/bin/../lib/gcc/../../x86_64-conda-linux-gnu/include/c++/12.3.0] ==> [/home/dinupa/mambaforge/envs/geant4-playground/x86_64-conda-linux-gnu/include/c++/12.3.0]
  collapse include dir [/home/dinupa/mambaforge/envs/geant4-playground/bin/../lib/gcc/../../x86_64-conda-linux-gnu/include/c++/12.3.0/x86_64-conda-linux-gnu] ==> [/home/dinupa/mambaforge/envs/geant4-playground/x86_64-conda-linux-gnu/include/c++/12.3.0/x86_64-conda-linux-gnu]
  collapse include dir [/home/dinupa/mambaforge/envs/geant4-playground/bin/../lib/gcc/../../x86_64-conda-linux-gnu/include/c++/12.3.0/backward] ==> [/home/dinupa/mambaforge/envs/geant4-playground/x86_64-conda-linux-gnu/include/c++/12.3.0/backward]
  collapse include dir [/home/dinupa/mambaforge/envs/geant4-playground/bin/../x86_64-conda-linux-gnu/sysroot/usr/include] ==> [/home/dinupa/mambaforge/envs/geant4-playground/x86_64-conda-linux-gnu/sysroot/usr/include]
  implicit include dirs: [/home/dinupa/mambaforge/envs/geant4-playground/include;/home/dinupa/mambaforge/envs/geant4-playground/lib/gcc/x86_64-conda-linux-gnu/12.3.0/include;/home/dinupa/mambaforge/envs/geant4-playground/lib/gcc/x86_64-conda-linux-gnu/12.3.0/include-fixed;/home/dinupa/mambaforge/envs/geant4-playground/x86_64-conda-linux-gnu/include;/home/dinupa/mambaforge/envs/geant4-playground/x86_64-conda-linux-gnu/include/c++/12.3.0;/home/dinupa/mambaforge/envs/geant4-playground/x86_64-conda-linux-gnu/include/c++/12.3.0/x86_64-conda-linux-gnu;/home/dinupa/mambaforge/envs/geant4-playground/x86_64-conda-linux-gnu/include/c++/12.3.0/backward;/home/dinupa/mambaforge/envs/geant4-playground/x86_64-conda-linux-gnu/sysroot/usr/include]


Parsed CXX implicit link information from above output:
  link line regex: [^( *|.*[/\])(x86_64-conda-linux-gnu-ld|CMAKE_LINK_STARTFILE-NOTFOUND|([^/\]+-)?ld|collect2)[^/\]*( |$)]
  ignore line: [Change Dir: /home/dinupa/geant4-playground/B4/B4a/build/CMakeFiles/CMakeScratch/TryCompile-C8oBjs]
  ignore line: []
  ignore line: [Run Build Command(s):/usr/bin/gmake -f Makefile cmTC_96e0e/fast && /usr/bin/gmake  -f CMakeFiles/cmTC_96e0e.dir/build.make CMakeFiles/cmTC_96e0e.dir/build]
  ignore line: [gmake[1]: Entering directory '/home/dinupa/geant4-playground/B4/B4a/build/CMakeFiles/CMakeScratch/TryCompile-C8oBjs']
  ignore line: [Building CXX object CMakeFiles/cmTC_96e0e.dir/CMakeCXXCompilerABI.cpp.o]
  ignore line: [/home/dinupa/mambaforge/envs/geant4-playground/bin/x86_64-conda-linux-gnu-c++   -fvisibility-inlines-hidden -fmessage-length=0 -march=nocona -mtune=haswell -ftree-vectorize -fPIC -fstack-protector-strong -fno-plt -O2 -ffunction-sections -pipe -isystem /home/dinupa/mambaforge/envs/geant4-playground/include    -v -o CMakeFiles/cmTC_96e0e.dir/CMakeCXXCompilerABI.cpp.o -c /usr/share/cmake-3.25/Modules/CMakeCXXCompilerABI.cpp]
  ignore line: [Reading specs from /home/dinupa/mambaforge/envs/geant4-playground/bin/../lib/gcc/x86_64-conda-linux-gnu/12.3.0/specs]
  ignore line: [could not find specs file conda.specs]
  ignore line: [COLLECT_GCC=/home/dinupa/mambaforge/envs/geant4-playground/bin/x86_64-conda-linux-gnu-c++]
  ignore line: [Target: x86_64-conda-linux-gnu]
  ignore line: [Configured with: ../configure --prefix=/home/conda/feedstock_root/build_artifacts/gcc_compilers_1685813973314/_h_env_placehold_placehold_placehold_placehold_placehold_placehold_placehold_placehold_placehold_placehold_placehold_placehold_placehold_placehold_placehold_placehold_placehold_placeho --with-slibdir=/home/conda/feedstock_root/build_artifacts/gcc_compilers_1685813973314/_h_env_placehold_placehold_placehold_placehold_placehold_placehold_placehold_placehold_placehold_placehold_placehold_placehold_placehold_placehold_placehold_placehold_placehold_placeho/lib --libdir=/home/conda/feedstock_root/build_artifacts/gcc_compilers_1685813973314/_h_env_placehold_placehold_placehold_placehold_placehold_placehold_placehold_placehold_placehold_placehold_placehold_placehold_placehold_placehold_placehold_placehold_placehold_placeho/lib --mandir=/home/conda/feedstock_root/build_artifacts/gcc_compilers_1685813973314/_h_env_placehold_placehold_placehold_placehold_placehold_placehold_placehold_placehold_placehold_placehold_placehold_placehold_placehold_placehold_placehold_placehold_placehold_placeho/man --build=x86_64-conda-linux-gnu --host=x86_64-conda-linux-gnu --target=x86_64-conda-linux-gnu --enable-default-pie --enable-languages=c c++ fortran objc obj-c++ --enable-__cxa_atexit --disable-libmudflap --enable-libgomp --disable-libssp --enable-libquadmath --enable-libquadmath-support --enable-libsanitizer --enable-lto --enable-threads=posix --enable-target-optspace --enable-plugin --enable-gold --disable-nls --disable-bootstrap --disable-multilib --enable-long-long --with-sysroot=/home/conda/feedstock_root/build_artifacts/gcc_compilers_1685813973314/_h_env_placehold_placehold_placehold_placehold_placehold_placehold_placehold_placehold_placehold_placehold_placehold_placehold_placehold_placehold_placehold_placehold_placehold_placeho/x86_64-conda-linux-gnu/sysroot --with-build-sysroot=/home/conda/feedstock_root/build_artifacts/gcc_compilers_1685813973314/_build_env/x86_64-conda-linux-gnu/sysroot --with-gxx-include-dir=/home/conda/feedstock_root/build_artifacts/gcc_compilers_1685813973314/_h_env_placehold_placehold_placehold_placehold_placehold_placehold_placehold_placehold_placehold_placehold_placehold_placehold_placehold_placehold_placehold_placehold_placehold_placeho/x86_64-conda-linux-gnu/include/c++/12.3.0 --with-pkgversion='conda-forge gcc 12.3.0-0' --with-bugurl=https://github.com/conda-forge/ctng-compilers-feedstock/issues/new/choose]
  ignore line: [Thread model: posix]
  ignore line: [Supported LTO compression algorithms: zlib]
  ignore line: [gcc version 12.3.0 (conda-forge gcc 12.3.0-0) ]
  ignore line: [COLLECT_GCC_OPTIONS='-fvisibility-inlines-hidden' '-fmessage-length=0' '-march=nocona' '-mtune=haswell' '-ftree-vectorize' '-fPIC' '-fstack-protector-strong' '-fno-plt' '-O2' '-ffunction-sections' '-pipe' '-isystem' '/home/dinupa/mambaforge/envs/geant4-playground/include' '-v' '-o' 'CMakeFiles/cmTC_96e0e.dir/CMakeCXXCompilerABI.cpp.o' '-c' '-shared-libgcc' '-dumpdir' 'CMakeFiles/cmTC_96e0e.dir/']
  ignore line: [ /home/dinupa/mambaforge/envs/geant4-playground/bin/../libexec/gcc/x86_64-conda-linux-gnu/12.3.0/cc1plus -quiet -v -iprefix /home/dinupa/mambaforge/envs/geant4-playground/bin/../lib/gcc/x86_64-conda-linux-gnu/12.3.0/ -isysroot /home/dinupa/mambaforge/envs/geant4-playground/bin/../x86_64-conda-linux-gnu/sysroot -D_GNU_SOURCE -isystem /home/dinupa/mambaforge/envs/geant4-playground/include /usr/share/cmake-3.25/Modules/CMakeCXXCompilerABI.cpp -quiet -dumpdir CMakeFiles/cmTC_96e0e.dir/ -dumpbase CMakeCXXCompilerABI.cpp.cpp -dumpbase-ext .cpp -march=nocona -mtune=haswell -O2 -version -fvisibility-inlines-hidden -fmessage-length=0 -ftree-vectorize -fPIC -fstack-protector-strong -fno-plt -ffunction-sections -o - |]
  ignore line: [ /home/dinupa/mambaforge/envs/geant4-playground/bin/../lib/gcc/x86_64-conda-linux-gnu/12.3.0/../../../../x86_64-conda-linux-gnu/bin/as -v --64 -o CMakeFiles/cmTC_96e0e.dir/CMakeCXXCompilerABI.cpp.o]
  ignore line: [GNU assembler version 2.40 (x86_64-conda-linux-gnu) using BFD version (GNU Binutils) 2.40]
  ignore line: [GNU C++17 (conda-forge gcc 12.3.0-0) version 12.3.0 (x86_64-conda-linux-gnu)]
  ignore line: [	compiled by GNU C version 12.2.0  GMP version 6.2.1  MPFR version 4.1.0  MPC version 1.2.1  isl version isl-0.24-GMP]
  ignore line: []
  ignore line: [GGC heuristics: --param ggc-min-expand=100 --param ggc-min-heapsize=131072]
  ignore line: [ignoring duplicate directory "/home/dinupa/mambaforge/envs/geant4-playground/bin/../lib/gcc/../../lib/gcc/x86_64-conda-linux-gnu/12.3.0/include"]
  ignore line: [ignoring nonexistent directory "/home/dinupa/mambaforge/envs/geant4-playground/bin/../x86_64-conda-linux-gnu/sysroot/usr/local/include"]
  ignore line: [ignoring duplicate directory "/home/dinupa/mambaforge/envs/geant4-playground/bin/../lib/gcc/../../lib/gcc/x86_64-conda-linux-gnu/12.3.0/include-fixed"]
  ignore line: [ignoring duplicate directory "/home/dinupa/mambaforge/envs/geant4-playground/bin/../lib/gcc/../../lib/gcc/x86_64-conda-linux-gnu/12.3.0/../../../../x86_64-conda-linux-gnu/include"]
  ignore line: [#include "..." search starts here:]
  ignore line: [#include <...> search starts here:]
  ignore line: [ /home/dinupa/mambaforge/envs/geant4-playground/include]
  ignore line: [ /home/dinupa/mambaforge/envs/geant4-playground/bin/../lib/gcc/x86_64-conda-linux-gnu/12.3.0/include]
  ignore line: [ /home/dinupa/mambaforge/envs/geant4-playground/bin/../lib/gcc/x86_64-conda-linux-gnu/12.3.0/include-fixed]
  ignore line: [ /home/dinupa/mambaforge/envs/geant4-playground/bin/../lib/gcc/x86_64-conda-linux-gnu/12.3.0/../../../../x86_64-conda-linux-gnu/include]
  ignore line: [ /home/dinupa/mambaforge/envs/geant4-playground/bin/../lib/gcc/../../x86_64-conda-linux-gnu/include/c++/12.3.0]
  ignore line: [ /home/dinupa/mambaforge/envs/geant4-playground/bin/../lib/gcc/../../x86_64-conda-linux-gnu/include/c++/12.3.0/x86_64-conda-linux-gnu]
  ignore line: [ /home/dinupa/mambaforge/envs/geant4-playground/bin/../lib/gcc/../../x86_64-conda-linux-gnu/include/c++/12.3.0/backward]
  ignore line: [ /home/dinupa/mambaforge/envs/geant4-playground/bin/../x86_64-conda-linux-gnu/sysroot/usr/include]
  ignore line: [End of search list.]
  ignore line: [GNU C++17 (conda-forge gcc 12.3.0-0) version 12.3.0 (x86_64-conda-linux-gnu)]
  ignore line: [	compiled by GNU C version 12.2.0  GMP version 6.2.1  MPFR version 4.1.0  MPC version 1.2.1  isl version isl-0.24-GMP]
  ignore line: []
  ignore line: [GGC heuristics: --param ggc-min-expand=100 --param ggc-min-heapsize=131072]
  ignore line: [Compiler executable checksum: 4e1030485dc8b1babd734aed6750bd94]
  ignore line: [COMPILER_PATH=/home/dinupa/mambaforge/envs/geant4-playground/bin/../libexec/gcc/x86_64-conda-linux-gnu/12.3.0/:/home/dinupa/mambaforge/envs/geant4-playground/bin/../libexec/gcc/:/home/dinupa/mambaforge/envs/geant4-playground/bin/../lib/gcc/x86_64-conda-linux-gnu/12.3.0/../../../../x86_64-conda-linux-gnu/bin/]
  ignore line: [LIBRARY_PATH=/home/dinupa/mambaforge/envs/geant4-playground/bin/../lib/gcc/x86_64-conda-linux-gnu/12.3.0/:/home/dinupa/mambaforge/envs/geant4-playground/bin/../lib/gcc/:/home/dinupa/mambaforge/envs/geant4-playground/bin/../lib/gcc/x86_64-conda-linux-gnu/12.3.0/../../../../x86_64-conda-linux-gnu/lib/../lib/:/home/dinupa/mambaforge/envs/geant4-playground/bin/../lib/gcc/x86_64-conda-linux-gnu/12.3.0/../../../../lib/:/home/dinupa/mambaforge/envs/geant4-playground/bin/../x86_64-conda-linux-gnu/sysroot/lib/../lib/:/home/dinupa/mambaforge/envs/geant4-playground/bin/../x86_64-conda-linux-gnu/sysroot/usr/lib/../lib/:/home/dinupa/mambaforge/envs/geant4-playground/bin/../lib/gcc/x86_64-conda-linux-gnu/12.3.0/../../../../x86_64-conda-linux-gnu/lib/:/home/dinupa/mambaforge/envs/geant4-playground/bin/../lib/gcc/x86_64-conda-linux-gnu/12.3.0/../../../:/home/dinupa/mambaforge/envs/geant4-playground/bin/../x86_64-conda-linux-gnu/sysroot/lib/:/home/dinupa/mambaforge/envs/geant4-playground/bin/../x86_64-conda-linux-gnu/sysroot/usr/lib/]
  ignore line: [COLLECT_GCC_OPTIONS='-fvisibility-inlines-hidden' '-fmessage-length=0' '-march=nocona' '-mtune=haswell' '-ftree-vectorize' '-fPIC' '-fstack-protector-strong' '-fno-plt' '-O2' '-ffunction-sections' '-pipe' '-isystem' '/home/dinupa/mambaforge/envs/geant4-playground/include' '-v' '-o' 'CMakeFiles/cmTC_96e0e.dir/CMakeCXXCompilerABI.cpp.o' '-c' '-shared-libgcc' '-dumpdir' 'CMakeFiles/cmTC_96e0e.dir/CMakeCXXCompilerABI.cpp.']
  ignore line: [Linking CXX executable cmTC_96e0e]
  ignore line: [/usr/bin/cmake -E cmake_link_script CMakeFiles/cmTC_96e0e.dir/link.txt --verbose=1]
  ignore line: [/home/dinupa/mambaforge/envs/geant4-playground/bin/x86_64-conda-linux-gnu-c++ -fvisibility-inlines-hidden -fmessage-length=0 -march=nocona -mtune=haswell -ftree-vectorize -fPIC -fstack-protector-strong -fno-plt -O2 -ffunction-sections -pipe -isystem /home/dinupa/mambaforge/envs/geant4-playground/include  -Wl -O2 -Wl --sort-common -Wl --as-needed -Wl -z relro -Wl -z now -Wl --disable-new-dtags -Wl --gc-sections -Wl --allow-shlib-undefined -Wl -rpath /home/dinupa/mambaforge/envs/geant4-playground/lib -Wl -rpath-link /home/dinupa/mambaforge/envs/geant4-playground/lib -L/home/dinupa/mambaforge/envs/geant4-playground/lib -v CMakeFiles/cmTC_96e0e.dir/CMakeCXXCompilerABI.cpp.o -o cmTC_96e0e ]
  ignore line: [Reading specs from /home/dinupa/mambaforge/envs/geant4-playground/bin/../lib/gcc/x86_64-conda-linux-gnu/12.3.0/specs]
  ignore line: [could not find specs file conda.specs]
  ignore line: [COLLECT_GCC=/home/dinupa/mambaforge/envs/geant4-playground/bin/x86_64-conda-linux-gnu-c++]
  ignore line: [COLLECT_LTO_WRAPPER=/home/dinupa/mambaforge/envs/geant4-playground/bin/../libexec/gcc/x86_64-conda-linux-gnu/12.3.0/lto-wrapper]
  ignore line: [Target: x86_64-conda-linux-gnu]
  ignore line: [Configured with: ../configure --prefix=/home/conda/feedstock_root/build_artifacts/gcc_compilers_1685813973314/_h_env_placehold_placehold_placehold_placehold_placehold_placehold_placehold_placehold_placehold_placehold_placehold_placehold_placehold_placehold_placehold_placehold_placehold_placeho --with-slibdir=/home/conda/feedstock_root/build_artifacts/gcc_compilers_1685813973314/_h_env_placehold_placehold_placehold_placehold_placehold_placehold_placehold_placehold_placehold_placehold_placehold_placehold_placehold_placehold_placehold_placehold_placehold_placeho/lib --libdir=/home/conda/feedstock_root/build_artifacts/gcc_compilers_1685813973314/_h_env_placehold_placehold_placehold_placehold_placehold_placehold_placehold_placehold_placehold_placehold_placehold_placehold_placehold_placehold_placehold_placehold_placehold_placeho/lib --mandir=/home/conda/feedstock_root/build_artifacts/gcc_compilers_1685813973314/_h_env_placehold_placehold_placehold_placehold_placehold_placehold_placehold_placehold_placehold_placehold_placehold_placehold_placehold_placehold_placehold_placehold_placehold_placeho/man --build=x86_64-conda-linux-gnu --host=x86_64-conda-linux-gnu --target=x86_64-conda-linux-gnu --enable-default-pie --enable-languages=c c++ fortran objc obj-c++ --enable-__cxa_atexit --disable-libmudflap --enable-libgomp --disable-libssp --enable-libquadmath --enable-libquadmath-support --enable-libsanitizer --enable-lto --enable-threads=posix --enable-target-optspace --enable-plugin --enable-gold --disable-nls --disable-bootstrap --disable-multilib --enable-long-long --with-sysroot=/home/conda/feedstock_root/build_artifacts/gcc_compilers_1685813973314/_h_env_placehold_placehold_placehold_placehold_placehold_placehold_placehold_placehold_placehold_placehold_placehold_placehold_placehold_placehold_placehold_placehold_placehold_placeho/x86_64-conda-linux-gnu/sysroot --with-build-sysroot=/home/conda/feedstock_root/build_artifacts/gcc_compilers_1685813973314/_build_env/x86_64-conda-linux-gnu/sysroot --with-gxx-include-dir=/home/conda/feedstock_root/build_artifacts/gcc_compilers_1685813973314/_h_env_placehold_placehold_placehold_placehold_placehold_placehold_placehold_placehold_placehold_placehold_placehold_placehold_placehold_placehold_placehold_placehold_placehold_placeho/x86_64-conda-linux-gnu/include/c++/12.3.0 --with-pkgversion='conda-forge gcc 12.3.0-0' --with-bugurl=https://github.com/conda-forge/ctng-compilers-feedstock/issues/new/choose]
  ignore line: [Thread model: posix]
  ignore line: [Supported LTO compression algorithms: zlib]
  ignore line: [gcc version 12.3.0 (conda-forge gcc 12.3.0-0) ]
  ignore line: [COMPILER_PATH=/home/dinupa/mambaforge/envs/geant4-playground/bin/../libexec/gcc/x86_64-conda-linux-gnu/12.3.0/:/home/dinupa/mambaforge/envs/geant4-playground/bin/../libexec/gcc/:/home/dinupa/mambaforge/envs/geant4-playground/bin/../lib/gcc/x86_64-conda-linux-gnu/12.3.0/../../../../x86_64-conda-linux-gnu/bin/]
  ignore line: [LIBRARY_PATH=/home/dinupa/mambaforge/envs/geant4-playground/bin/../lib/gcc/x86_64-conda-linux-gnu/12.3.0/:/home/dinupa/mambaforge/envs/geant4-playground/bin/../lib/gcc/:/home/dinupa/mambaforge/envs/geant4-playground/bin/../lib/gcc/x86_64-conda-linux-gnu/12.3.0/../../../../x86_64-conda-linux-gnu/lib/../lib/:/home/dinupa/mambaforge/envs/geant4-playground/bin/../lib/gcc/x86_64-conda-linux-gnu/12.3.0/../../../../lib/:/home/dinupa/mambaforge/envs/geant4-playground/bin/../x86_64-conda-linux-gnu/sysroot/lib/../lib/:/home/dinupa/mambaforge/envs/geant4-playground/bin/../x86_64-conda-linux-gnu/sysroot/usr/lib/../lib/:/home/dinupa/mambaforge/envs/geant4-playground/bin/../lib/gcc/x86_64-conda-linux-gnu/12.3.0/../../../../x86_64-conda-linux-gnu/lib/:/home/dinupa/mambaforge/envs/geant4-playground/bin/../lib/gcc/x86_64-conda-linux-gnu/12.3.0/../../../:/home/dinupa/mambaforge/envs/geant4-playground/bin/../x86_64-conda-linux-gnu/sysroot/lib/:/home/dinupa/mambaforge/envs/geant4-playground/bin/../x86_64-conda-linux-gnu/sysroot/usr/lib/]
  ignore line: [COLLECT_GCC_OPTIONS='-fvisibility-inlines-hidden' '-fmessage-length=0' '-march=nocona' '-mtune=haswell' '-ftree-vectorize' '-fPIC' '-fstack-protector-strong' '-fno-plt' '-O2' '-ffunction-sections' '-pipe' '-isystem' '/home/dinupa/mambaforge/envs/geant4-playground/include' '-L/home/dinupa/mambaforge/envs/geant4-playground/lib' '-v' '-o' 'cmTC_96e0e' '-shared-libgcc' '-dumpdir' 'cmTC_96e0e.']
  link line: [ /home/dinupa/mambaforge/envs/geant4-playground/bin/../libexec/gcc/x86_64-conda-linux-gnu/12.3.0/collect2 -plugin /home/dinupa/mambaforge/envs/geant4-playground/bin/../libexec/gcc/x86_64-conda-linux-gnu/12.3.0/liblto_plugin.so -plugin-opt=/home/dinupa/mambaforge/envs/geant4-playground/bin/../libexec/gcc/x86_64-conda-linux-gnu/12.3.0/lto-wrapper -plugin-opt=-fresolution=/tmp/cc4cVjLs.res -plugin-opt=-pass-through=-lgcc_s -plugin-opt=-pass-through=-lgcc -plugin-opt=-pass-through=-lc -plugin-opt=-pass-through=-lgcc_s -plugin-opt=-pass-through=-lgcc --sysroot=/home/dinupa/mambaforge/envs/geant4-playground/bin/../x86_64-conda-linux-gnu/sysroot --eh-frame-hdr -m elf_x86_64 -dynamic-linker /lib64/ld-linux-x86-64.so.2 -pie -o cmTC_96e0e /home/dinupa/mambaforge/envs/geant4-playground/bin/../x86_64-conda-linux-gnu/sysroot/usr/lib/../lib/Scrt1.o /home/dinupa/mambaforge/envs/geant4-playground/bin/../x86_64-conda-linux-gnu/sysroot/usr/lib/../lib/crti.o /home/dinupa/mambaforge/envs/geant4-playground/bin/../lib/gcc/x86_64-conda-linux-gnu/12.3.0/crtbeginS.o -L/home/dinupa/mambaforge/envs/geant4-playground/lib -L/home/dinupa/mambaforge/envs/geant4-playground/bin/../lib/gcc/x86_64-conda-linux-gnu/12.3.0 -L/home/dinupa/mambaforge/envs/geant4-playground/bin/../lib/gcc -L/home/dinupa/mambaforge/envs/geant4-playground/bin/../lib/gcc/x86_64-conda-linux-gnu/12.3.0/../../../../x86_64-conda-linux-gnu/lib/../lib -L/home/dinupa/mambaforge/envs/geant4-playground/bin/../lib/gcc/x86_64-conda-linux-gnu/12.3.0/../../../../lib -L/home/dinupa/mambaforge/envs/geant4-playground/bin/../x86_64-conda-linux-gnu/sysroot/lib/../lib -L/home/dinupa/mambaforge/envs/geant4-playground/bin/../x86_64-conda-linux-gnu/sysroot/usr/lib/../lib -L/home/dinupa/mambaforge/envs/geant4-playground/bin/../lib/gcc/x86_64-conda-linux-gnu/12.3.0/../../../../x86_64-conda-linux-gnu/lib -L/home/dinupa/mambaforge/envs/geant4-playground/bin/../lib/gcc/x86_64-conda-linux-gnu/12.3.0/../../.. -L/home/dinupa/mambaforge/envs/geant4-playground/bin/../x86_64-conda-linux-gnu/sysroot/lib -L/home/dinupa/mambaforge/envs/geant4-playground/bin/../x86_64-conda-linux-gnu/sysroot/usr/lib -O2 --sort-common --as-needed -z relro -z now --disable-new-dtags --gc-sections --allow-shlib-undefined -rpath /home/dinupa/mambaforge/envs/geant4-playground/lib -rpath-link /home/dinupa/mambaforge/envs/geant4-playground/lib CMakeFiles/cmTC_96e0e.dir/CMakeCXXCompilerABI.cpp.o -lstdc++ -lm -lgcc_s -lgcc -lc -lgcc_s -lgcc /home/dinupa/mambaforge/envs/geant4-playground/bin/../lib/gcc/x86_64-conda-linux-gnu/12.3.0/crtendS.o /home/dinupa/mambaforge/envs/geant4-playground/bin/../x86_64-conda-linux-gnu/sysroot/usr/lib/../lib/crtn.o -rpath /home/dinupa/mambaforge/envs/geant4-playground/lib]
    arg [/home/dinupa/mambaforge/envs/geant4-playground/bin/../libexec/gcc/x86_64-conda-linux-gnu/12.3.0/collect2] ==> ignore
    arg [-plugin] ==> ignore
    arg [/home/dinupa/mambaforge/envs/geant4-playground/bin/../libexec/gcc/x86_64-conda-linux-gnu/12.3.0/liblto_plugin.so] ==> ignore
    arg [-plugin-opt=/home/dinupa/mambaforge/envs/geant4-playground/bin/../libexec/gcc/x86_64-conda-linux-gnu/12.3.0/lto-wrapper] ==> ignore
    arg [-plugin-opt=-fresolution=/tmp/cc4cVjLs.res] ==> ignore
    arg [-plugin-opt=-pass-through=-lgcc_s] ==> ignore
    arg [-plugin-opt=-pass-through=-lgcc] ==> ignore
    arg [-plugin-opt=-pass-through=-lc] ==> ignore
    arg [-plugin-opt=-pass-through=-lgcc_s] ==> ignore
    arg [-plugin-opt=-pass-through=-lgcc] ==> ignore
    arg [--sysroot=/home/dinupa/mambaforge/envs/geant4-playground/bin/../x86_64-conda-linux-gnu/sysroot] ==> ignore
    arg [--eh-frame-hdr] ==> ignore
    arg [-m] ==> ignore
    arg [elf_x86_64] ==> ignore
    arg [-dynamic-linker] ==> ignore
    arg [/lib64/ld-linux-x86-64.so.2] ==> ignore
    arg [-pie] ==> ignore
    arg [-o] ==> ignore
    arg [cmTC_96e0e] ==> ignore
    arg [/home/dinupa/mambaforge/envs/geant4-playground/bin/../x86_64-conda-linux-gnu/sysroot/usr/lib/../lib/Scrt1.o] ==> obj [/home/dinupa/mambaforge/envs/geant4-playground/bin/../x86_64-conda-linux-gnu/sysroot/usr/lib/../lib/Scrt1.o]
    arg [/home/dinupa/mambaforge/envs/geant4-playground/bin/../x86_64-conda-linux-gnu/sysroot/usr/lib/../lib/crti.o] ==> obj [/home/dinupa/mambaforge/envs/geant4-playground/bin/../x86_64-conda-linux-gnu/sysroot/usr/lib/../lib/crti.o]
    arg [/home/dinupa/mambaforge/envs/geant4-playground/bin/../lib/gcc/x86_64-conda-linux-gnu/12.3.0/crtbeginS.o] ==> obj [/home/dinupa/mambaforge/envs/geant4-playground/bin/../lib/gcc/x86_64-conda-linux-gnu/12.3.0/crtbeginS.o]
    arg [-L/home/dinupa/mambaforge/envs/geant4-playground/lib] ==> dir [/home/dinupa/mambaforge/envs/geant4-playground/lib]
    arg [-L/home/dinupa/mambaforge/envs/geant4-playground/bin/../lib/gcc/x86_64-conda-linux-gnu/12.3.0] ==> dir [/home/dinupa/mambaforge/envs/geant4-playground/bin/../lib/gcc/x86_64-conda-linux-gnu/12.3.0]
    arg [-L/home/dinupa/mambaforge/envs/geant4-playground/bin/../lib/gcc] ==> dir [/home/dinupa/mambaforge/envs/geant4-playground/bin/../lib/gcc]
    arg [-L/home/dinupa/mambaforge/envs/geant4-playground/bin/../lib/gcc/x86_64-conda-linux-gnu/12.3.0/../../../../x86_64-conda-linux-gnu/lib/../lib] ==> dir [/home/dinupa/mambaforge/envs/geant4-playground/bin/../lib/gcc/x86_64-conda-linux-gnu/12.3.0/../../../../x86_64-conda-linux-gnu/lib/../lib]
    arg [-L/home/dinupa/mambaforge/envs/geant4-playground/bin/../lib/gcc/x86_64-conda-linux-gnu/12.3.0/../../../../lib] ==> dir [/home/dinupa/mambaforge/envs/geant4-playground/bin/../lib/gcc/x86_64-conda-linux-gnu/12.3.0/../../../../lib]
    arg [-L/home/dinupa/mambaforge/envs/geant4-playground/bin/../x86_64-conda-linux-gnu/sysroot/lib/../lib] ==> dir [/home/dinupa/mambaforge/envs/geant4-playground/bin/../x86_64-conda-linux-gnu/sysroot/lib/../lib]
    arg [-L/home/dinupa/mambaforge/envs/geant4-playground/bin/../x86_64-conda-linux-gnu/sysroot/usr/lib/../lib] ==> dir [/home/dinupa/mambaforge/envs/geant4-playground/bin/../x86_64-conda-linux-gnu/sysroot/usr/lib/../lib]
    arg [-L/home/dinupa/mambaforge/envs/geant4-playground/bin/../lib/gcc/x86_64-conda-linux-gnu/12.3.0/../../../../x86_64-conda-linux-gnu/lib] ==> dir [/home/dinupa/mambaforge/envs/geant4-playground/bin/../lib/gcc/x86_64-conda-linux-gnu/12.3.0/../../../../x86_64-conda-linux-gnu/lib]
    arg [-L/home/dinupa/mambaforge/envs/geant4-playground/bin/../lib/gcc/x86_64-conda-linux-gnu/12.3.0/../../..] ==> dir [/home/dinupa/mambaforge/envs/geant4-playground/bin/../lib/gcc/x86_64-conda-linux-gnu/12.3.0/../../..]
    arg [-L/home/dinupa/mambaforge/envs/geant4-playground/bin/../x86_64-conda-linux-gnu/sysroot/lib] ==> dir [/home/dinupa/mambaforge/envs/geant4-playground/bin/../x86_64-conda-linux-gnu/sysroot/lib]
    arg [-L/home/dinupa/mambaforge/envs/geant4-playground/bin/../x86_64-conda-linux-gnu/sysroot/usr/lib] ==> dir [/home/dinupa/mambaforge/envs/geant4-playground/bin/../x86_64-conda-linux-gnu/sysroot/usr/lib]
    arg [-O2] ==> ignore
    arg [--sort-common] ==> ignore
    arg [--as-needed] ==> ignore
    arg [-zrelro] ==> ignore
    arg [-znow] ==> ignore
    arg [--disable-new-dtags] ==> ignore
    arg [--gc-sections] ==> ignore
    arg [--allow-shlib-undefined] ==> ignore
    arg [-rpath] ==> ignore
    arg [/home/dinupa/mambaforge/envs/geant4-playground/lib] ==> ignore
    arg [-rpath-link] ==> ignore
    arg [/home/dinupa/mambaforge/envs/geant4-playground/lib] ==> ignore
    arg [CMakeFiles/cmTC_96e0e.dir/CMakeCXXCompilerABI.cpp.o] ==> ignore
    arg [-lstdc++] ==> lib [stdc++]
    arg [-lm] ==> lib [m]
    arg [-lgcc_s] ==> lib [gcc_s]
    arg [-lgcc] ==> lib [gcc]
    arg [-lc] ==> lib [c]
    arg [-lgcc_s] ==> lib [gcc_s]
    arg [-lgcc] ==> lib [gcc]
    arg [/home/dinupa/mambaforge/envs/geant4-playground/bin/../lib/gcc/x86_64-conda-linux-gnu/12.3.0/crtendS.o] ==> obj [/home/dinupa/mambaforge/envs/geant4-playground/bin/../lib/gcc/x86_64-conda-linux-gnu/12.3.0/crtendS.o]
    arg [/home/dinupa/mambaforge/envs/geant4-playground/bin/../x86_64-conda-linux-gnu/sysroot/usr/lib/../lib/crtn.o] ==> obj [/home/dinupa/mambaforge/envs/geant4-playground/bin/../x86_64-conda-linux-gnu/sysroot/usr/lib/../lib/crtn.o]
    arg [-rpath] ==> ignore
    arg [/home/dinupa/mambaforge/envs/geant4-playground/lib] ==> ignore
  collapse obj [/home/dinupa/mambaforge/envs/geant4-playground/bin/../x86_64-conda-linux-gnu/sysroot/usr/lib/../lib/Scrt1.o] ==> [/home/dinupa/mambaforge/envs/geant4-playground/x86_64-conda-linux-gnu/sysroot/usr/lib/Scrt1.o]
  collapse obj [/home/dinupa/mambaforge/envs/geant4-playground/bin/../x86_64-conda-linux-gnu/sysroot/usr/lib/../lib/crti.o] ==> [/home/dinupa/mambaforge/envs/geant4-playground/x86_64-conda-linux-gnu/sysroot/usr/lib/crti.o]
  collapse obj [/home/dinupa/mambaforge/envs/geant4-playground/bin/../lib/gcc/x86_64-conda-linux-gnu/12.3.0/crtbeginS.o] ==> [/home/dinupa/mambaforge/envs/geant4-playground/lib/gcc/x86_64-conda-linux-gnu/12.3.0/crtbeginS.o]
  collapse obj [/home/dinupa/mambaforge/envs/geant4-playground/bin/../lib/gcc/x86_64-conda-linux-gnu/12.3.0/crtendS.o] ==> [/home/dinupa/mambaforge/envs/geant4-playground/lib/gcc/x86_64-conda-linux-gnu/12.3.0/crtendS.o]
  collapse obj [/home/dinupa/mambaforge/envs/geant4-playground/bin/../x86_64-conda-linux-gnu/sysroot/usr/lib/../lib/crtn.o] ==> [/home/dinupa/mambaforge/envs/geant4-playground/x86_64-conda-linux-gnu/sysroot/usr/lib/crtn.o]
  collapse library dir [/home/dinupa/mambaforge/envs/geant4-playground/lib] ==> [/home/dinupa/mambaforge/envs/geant4-playground/lib]
  collapse library dir [/home/dinupa/mambaforge/envs/geant4-playground/bin/../lib/gcc/x86_64-conda-linux-gnu/12.3.0] ==> [/home/dinupa/mambaforge/envs/geant4-playground/lib/gcc/x86_64-conda-linux-gnu/12.3.0]
  collapse library dir [/home/dinupa/mambaforge/envs/geant4-playground/bin/../lib/gcc] ==> [/home/dinupa/mambaforge/envs/geant4-playground/lib/gcc]
  collapse library dir [/home/dinupa/mambaforge/envs/geant4-playground/bin/../lib/gcc/x86_64-conda-linux-gnu/12.3.0/../../../../x86_64-conda-linux-gnu/lib/../lib] ==> [/home/dinupa/mambaforge/envs/geant4-playground/x86_64-conda-linux-gnu/lib]
  collapse library dir [/home/dinupa/mambaforge/envs/geant4-playground/bin/../lib/gcc/x86_64-conda-linux-gnu/12.3.0/../../../../lib] ==> [/home/dinupa/mambaforge/envs/geant4-playground/lib]
  collapse library dir [/home/dinupa/mambaforge/envs/geant4-playground/bin/../x86_64-conda-linux-gnu/sysroot/lib/../lib] ==> [/home/dinupa/mambaforge/envs/geant4-playground/x86_64-conda-linux-gnu/sysroot/lib]
  collapse library dir [/home/dinupa/mambaforge/envs/geant4-playground/bin/../x86_64-conda-linux-gnu/sysroot/usr/lib/../lib] ==> [/home/dinupa/mambaforge/envs/geant4-playground/x86_64-conda-linux-gnu/sysroot/usr/lib]
  collapse library dir [/home/dinupa/mambaforge/envs/geant4-playground/bin/../lib/gcc/x86_64-conda-linux-gnu/12.3.0/../../../../x86_64-conda-linux-gnu/lib] ==> [/home/dinupa/mambaforge/envs/geant4-playground/x86_64-conda-linux-gnu/lib]
  collapse library dir [/home/dinupa/mambaforge/envs/geant4-playground/bin/../lib/gcc/x86_64-conda-linux-gnu/12.3.0/../../..] ==> [/home/dinupa/mambaforge/envs/geant4-playground/lib]
  collapse library dir [/home/dinupa/mambaforge/envs/geant4-playground/bin/../x86_64-conda-linux-gnu/sysroot/lib] ==> [/home/dinupa/mambaforge/envs/geant4-playground/x86_64-conda-linux-gnu/sysroot/lib]
  collapse library dir [/home/dinupa/mambaforge/envs/geant4-playground/bin/../x86_64-conda-linux-gnu/sysroot/usr/lib] ==> [/home/dinupa/mambaforge/envs/geant4-playground/x86_64-conda-linux-gnu/sysroot/usr/lib]
  implicit libs: [stdc++;m;gcc_s;gcc;c;gcc_s;gcc]
  implicit objs: [/home/dinupa/mambaforge/envs/geant4-playground/x86_64-conda-linux-gnu/sysroot/usr/lib/Scrt1.o;/home/dinupa/mambaforge/envs/geant4-playground/x86_64-conda-linux-gnu/sysroot/usr/lib/crti.o;/home/dinupa/mambaforge/envs/geant4-playground/lib/gcc/x86_64-conda-linux-gnu/12.3.0/crtbeginS.o;/home/dinupa/mambaforge/envs/geant4-playground/lib/gcc/x86_64-conda-linux-gnu/12.3.0/crtendS.o;/home/dinupa/mambaforge/envs/geant4-playground/x86_64-conda-linux-gnu/sysroot/usr/lib/crtn.o]
  implicit dirs: [/home/dinupa/mambaforge/envs/geant4-playground/lib;/home/dinupa/mambaforge/envs/geant4-playground/lib/gcc/x86_64-conda-linux-gnu/12.3.0;/home/dinupa/mambaforge/envs/geant4-playground/lib/gcc;/home/dinupa/mambaforge/envs/geant4-playground/x86_64-conda-linux-gnu/lib;/home/dinupa/mambaforge/envs/geant4-playground/x86_64-conda-linux-gnu/sysroot/lib;/home/dinupa/mambaforge/envs/geant4-playground/x86_64-conda-linux-gnu/sysroot/usr/lib]
  implicit fwks: []


